<html>
<head>
<title>TestNG:  IDS UBAR Integration</title>
<link href="../testng.css" rel="stylesheet" type="text/css" />
<link href="../my-testng.css" rel="stylesheet" type="text/css" />

<style type="text/css">
.log { display: none;} 
.stack-trace { display: none;} 
</style>
<script type="text/javascript">
<!--
function flip(e) {
  current = e.style.display;
  if (current == 'block') {
    e.style.display = 'none';
    return 0;
  }
  else {
    e.style.display = 'block';
    return 1;
  }
}

function toggleBox(szDivId, elem, msg1, msg2)
{
  var res = -1;  if (document.getElementById) {
    res = flip(document.getElementById(szDivId));
  }
  else if (document.all) {
    // this is the way old msie versions work
    res = flip(document.all[szDivId]);
  }
  if(elem) {
    if(res == 0) elem.innerHTML = msg1; else elem.innerHTML = msg2;
  }

}

function toggleAllBoxes() {
  if (document.getElementsByTagName) {
    d = document.getElementsByTagName('div');
    for (i = 0; i < d.length; i++) {
      if (d[i].className == 'log') {
        flip(d[i]);
      }
    }
  }
}

// -->
</script>

</head>
<body>
<h2 align='center'>IDS UBAR Integration</h2><table border='1' align="center">
<tr>
<td>Tests passed/Failed/Skipped:</td><td>10/2/6</td>
</tr><tr>
<td>Started on:</td><td>Tue Jan 26 23:15:42 IST 2021</td>
</tr>
<tr><td>Total time:</td><td>277 seconds (277614 ms)</td>
</tr><tr>
<td>Included groups:</td><td></td>
</tr><tr>
<td>Excluded groups:</td><td></td>
</tr>
</table><p/>
<small><i>(Hover the method name to see the test class name)</i></small><p/>
<table width='100%' border='1' class='invocation-failed'>
<tr><td colspan='4' align='center'><b>FAILED TESTS</b></td></tr>
<tr><td><b>Test method</b></td>
<td width="30%"><b>Exception</b></td>
<td width="10%"><b>Time (seconds)</b></td>
<td><b>Instance</b></td>
</tr>
<tr>
<td title='NostGroup.NostArtifact.TestCases.UbarloginCase.verifyFacility()'><b>verifyFacility</b><br>Test class: NostGroup.NostArtifact.TestCases.UbarloginCase<br>Parameters: {facility-name=26-Jan-21-01-PHARM-1-C, facility-result-search-bar=}<br/>
<a href="#Output-709792666" onClick='toggleBox("Output-709792666", this, "Show output", "Hide output");'>Show output</a>

<a href="#Output-709792666" onClick="toggleAllBoxes();">Show all outputs</a>
<div class='log' id="Output-709792666">
Clicked the item: maintenance-billing-menu<br/>
Clicked the item: facility-menu<br/>
<br>verifyFacility: Failed<br/>
<br><br/>
<a target="_blank" href="D:\Jagan\NostAuto\NostCore\NostArtifact\Screenshots\Screenshot_Tue_Jan_26_23_20_18_IST_2021.jpg">ScreenShot</a><br/>
<br><br/>
</div>
</td>
<td><div><pre>org.openqa.selenium.NoSuchElementException: Unable to locate element: #sFacName
For documentation on this error, please visit: https://www.seleniumhq.org/exceptions/no_such_element.html
Build info: version: &apos;3.141.59&apos;, revision: &apos;e82be7d358&apos;, time: &apos;2018-11-14T08:17:03&apos;
System info: host: &apos;CSEKARAITHENT&apos;, ip: &apos;192.168.195.3&apos;, os.name: &apos;Windows 10&apos;, os.arch: &apos;amd64&apos;, os.version: &apos;10.0&apos;, java.version: &apos;1.8.0_112&apos;
Driver info: org.openqa.selenium.firefox.FirefoxDriver
Capabilities {acceptInsecureCerts: true, browserName: firefox, browserVersion: 84.0.2, javascriptEnabled: true, moz:accessibilityChecks: false, moz:buildID: 20210105180113, moz:geckodriverVersion: 0.29.0, moz:headless: false, moz:processID: 1500, moz:profile: C:\Users\Administrator\AppD..., moz:shutdownTimeout: 60000, moz:useNonSpecCompliantPointerOrigin: false, moz:webdriverClick: true, pageLoadStrategy: normal, platform: WINDOWS, platformName: WINDOWS, platformVersion: 10.0, rotatable: false, setWindowRect: true, strictFileInteractability: false, timeouts: {implicit: 0, pageLoad: 300000, script: 30000}, unhandledPromptBehavior: dismiss and notify}
Session ID: 96335daa-4ada-4875-a5d6-b5a51719fa52
*** Element info: {Using=id, value=sFacName}
	at org.openqa.selenium.remote.http.W3CHttpResponseCodec.createException(W3CHttpResponseCodec.java:187)
	at org.openqa.selenium.remote.http.W3CHttpResponseCodec.decode(W3CHttpResponseCodec.java:122)
	at org.openqa.selenium.remote.http.W3CHttpResponseCodec.decode(W3CHttpResponseCodec.java:49)
	at org.openqa.selenium.remote.HttpCommandExecutor.execute(HttpCommandExecutor.java:158)
	at org.openqa.selenium.remote.service.DriverCommandExecutor.execute(DriverCommandExecutor.java:83)
	at org.openqa.selenium.remote.RemoteWebDriver.execute(RemoteWebDriver.java:552)
	at org.openqa.selenium.remote.RemoteWebDriver.findElement(RemoteWebDriver.java:323)
	at org.openqa.selenium.remote.RemoteWebDriver.findElementById(RemoteWebDriver.java:372)
	at org.openqa.selenium.By$ById.findElement(By.java:188)
	at org.openqa.selenium.remote.RemoteWebDriver.findElement(RemoteWebDriver.java:315)
	at NostGroup.NostArtifact.Base.CommonMethods.find_element(CommonMethods.java:206)
	at NostGroup.NostArtifact.Base.CommonMethods.type(CommonMethods.java:91)
	at NostGroup.NostArtifact.Billing.Facility.facilityVerify(Facility.java:19)
	at NostGroup.NostArtifact.TestCases.UbarloginCase.verifyFacility(UbarloginCase.java:117)
	at java.util.ArrayList.forEach(ArrayList.java:1249)
... Removed 31 stack frames</pre></div><a href='#' onClick='toggleBox("stack-trace709792666", this, "Click to show all stack frames", "Click to hide stack frames")'>Click to show all stack frames</a>
<div class='stack-trace' id='stack-trace709792666'><pre>org.openqa.selenium.NoSuchElementException: Unable to locate element: #sFacName
For documentation on this error, please visit: https://www.seleniumhq.org/exceptions/no_such_element.html
Build info: version: &apos;3.141.59&apos;, revision: &apos;e82be7d358&apos;, time: &apos;2018-11-14T08:17:03&apos;
System info: host: &apos;CSEKARAITHENT&apos;, ip: &apos;192.168.195.3&apos;, os.name: &apos;Windows 10&apos;, os.arch: &apos;amd64&apos;, os.version: &apos;10.0&apos;, java.version: &apos;1.8.0_112&apos;
Driver info: org.openqa.selenium.firefox.FirefoxDriver
Capabilities {acceptInsecureCerts: true, browserName: firefox, browserVersion: 84.0.2, javascriptEnabled: true, moz:accessibilityChecks: false, moz:buildID: 20210105180113, moz:geckodriverVersion: 0.29.0, moz:headless: false, moz:processID: 1500, moz:profile: C:\Users\Administrator\AppD..., moz:shutdownTimeout: 60000, moz:useNonSpecCompliantPointerOrigin: false, moz:webdriverClick: true, pageLoadStrategy: normal, platform: WINDOWS, platformName: WINDOWS, platformVersion: 10.0, rotatable: false, setWindowRect: true, strictFileInteractability: false, timeouts: {implicit: 0, pageLoad: 300000, script: 30000}, unhandledPromptBehavior: dismiss and notify}
Session ID: 96335daa-4ada-4875-a5d6-b5a51719fa52
*** Element info: {Using=id, value=sFacName}
	at sun.reflect.NativeConstructorAccessorImpl.newInstance0(Native Method)
	at sun.reflect.NativeConstructorAccessorImpl.newInstance(NativeConstructorAccessorImpl.java:62)
	at sun.reflect.DelegatingConstructorAccessorImpl.newInstance(DelegatingConstructorAccessorImpl.java:45)
	at java.lang.reflect.Constructor.newInstance(Constructor.java:423)
	at org.openqa.selenium.remote.http.W3CHttpResponseCodec.createException(W3CHttpResponseCodec.java:187)
	at org.openqa.selenium.remote.http.W3CHttpResponseCodec.decode(W3CHttpResponseCodec.java:122)
	at org.openqa.selenium.remote.http.W3CHttpResponseCodec.decode(W3CHttpResponseCodec.java:49)
	at org.openqa.selenium.remote.HttpCommandExecutor.execute(HttpCommandExecutor.java:158)
	at org.openqa.selenium.remote.service.DriverCommandExecutor.execute(DriverCommandExecutor.java:83)
	at org.openqa.selenium.remote.RemoteWebDriver.execute(RemoteWebDriver.java:552)
	at org.openqa.selenium.remote.RemoteWebDriver.findElement(RemoteWebDriver.java:323)
	at org.openqa.selenium.remote.RemoteWebDriver.findElementById(RemoteWebDriver.java:372)
	at org.openqa.selenium.By$ById.findElement(By.java:188)
	at org.openqa.selenium.remote.RemoteWebDriver.findElement(RemoteWebDriver.java:315)
	at NostGroup.NostArtifact.Base.CommonMethods.find_element(CommonMethods.java:206)
	at NostGroup.NostArtifact.Base.CommonMethods.type(CommonMethods.java:91)
	at NostGroup.NostArtifact.Billing.Facility.facilityVerify(Facility.java:19)
	at NostGroup.NostArtifact.TestCases.UbarloginCase.verifyFacility(UbarloginCase.java:117)
	at sun.reflect.NativeMethodAccessorImpl.invoke0(Native Method)
	at sun.reflect.NativeMethodAccessorImpl.invoke(NativeMethodAccessorImpl.java:62)
	at sun.reflect.DelegatingMethodAccessorImpl.invoke(DelegatingMethodAccessorImpl.java:43)
	at java.lang.reflect.Method.invoke(Method.java:498)
	at org.testng.internal.MethodInvocationHelper.invokeMethod(MethodInvocationHelper.java:134)
	at org.testng.internal.TestInvoker.invokeMethod(TestInvoker.java:597)
	at org.testng.internal.TestInvoker.invokeTestMethod(TestInvoker.java:173)
	at org.testng.internal.MethodRunner.runInSequence(MethodRunner.java:46)
	at org.testng.internal.TestInvoker$MethodInvocationAgent.invoke(TestInvoker.java:816)
	at org.testng.internal.TestInvoker.invokeTestMethods(TestInvoker.java:146)
	at org.testng.internal.TestMethodWorker.invokeTestMethods(TestMethodWorker.java:146)
	at org.testng.internal.TestMethodWorker.run(TestMethodWorker.java:128)
	at java.util.ArrayList.forEach(ArrayList.java:1249)
	at org.testng.TestRunner.privateRun(TestRunner.java:766)
	at org.testng.TestRunner.run(TestRunner.java:587)
	at org.testng.SuiteRunner.runTest(SuiteRunner.java:384)
	at org.testng.SuiteRunner.runSequentially(SuiteRunner.java:378)
	at org.testng.SuiteRunner.privateRun(SuiteRunner.java:337)
	at org.testng.SuiteRunner.run(SuiteRunner.java:286)
	at org.testng.SuiteRunnerWorker.runSuite(SuiteRunnerWorker.java:53)
	at org.testng.SuiteRunnerWorker.run(SuiteRunnerWorker.java:96)
	at org.testng.TestNG.runSuitesSequentially(TestNG.java:1187)
	at org.testng.TestNG.runSuitesLocally(TestNG.java:1109)
	at org.testng.TestNG.runSuites(TestNG.java:1039)
	at org.testng.TestNG.run(TestNG.java:1007)
	at org.testng.remote.AbstractRemoteTestNG.run(AbstractRemoteTestNG.java:115)
	at org.testng.remote.RemoteTestNG.initAndRun(RemoteTestNG.java:251)
	at org.testng.remote.RemoteTestNG.main(RemoteTestNG.java:77)
</pre></div></td>
<td>14</td>
<td>NostGroup.NostArtifact.TestCases.UbarloginCase@16aa0a0a</td></tr>
<tr>
<td title='NostGroup.NostArtifact.TestCases.UbarloginCase.verifyServiceMaster()'><b>verifyServiceMaster</b><br>Test class: NostGroup.NostArtifact.TestCases.UbarloginCase<br>Parameters: {service-plan-search=26-Jan-21-01-PROT, service-name-search=26-Jan-21-01-Drg}<br/>
<a href="#Output-638404853" onClick='toggleBox("Output-638404853", this, "Show output", "Hide output");'>Show output</a>

<a href="#Output-638404853" onClick="toggleAllBoxes();">Show all outputs</a>
<div class='log' id="Output-638404853">
Clicked the item: maintenance-billing-menu<br/>
<br>verifyServiceMaster: Failed<br/>
<br><br/>
<a target="_blank" href="D:\Jagan\NostAuto\NostCore\NostArtifact\Screenshots\Screenshot_Tue_Jan_26_23_20_00_IST_2021.jpg">ScreenShot</a><br/>
<br><br/>
</div>
</td>
<td><div><pre>org.openqa.selenium.NoSuchElementException: Unable to locate element: #menu-primary-menu-1 &gt; li:nth-child(5) &gt; ul:nth-child(2) &gt; li:nth-child(14) &gt; a:nth-child(1)
For documentation on this error, please visit: https://www.seleniumhq.org/exceptions/no_such_element.html
Build info: version: &apos;3.141.59&apos;, revision: &apos;e82be7d358&apos;, time: &apos;2018-11-14T08:17:03&apos;
System info: host: &apos;CSEKARAITHENT&apos;, ip: &apos;192.168.195.3&apos;, os.name: &apos;Windows 10&apos;, os.arch: &apos;amd64&apos;, os.version: &apos;10.0&apos;, java.version: &apos;1.8.0_112&apos;
Driver info: org.openqa.selenium.firefox.FirefoxDriver
Capabilities {acceptInsecureCerts: true, browserName: firefox, browserVersion: 84.0.2, javascriptEnabled: true, moz:accessibilityChecks: false, moz:buildID: 20210105180113, moz:geckodriverVersion: 0.29.0, moz:headless: false, moz:processID: 1500, moz:profile: C:\Users\Administrator\AppD..., moz:shutdownTimeout: 60000, moz:useNonSpecCompliantPointerOrigin: false, moz:webdriverClick: true, pageLoadStrategy: normal, platform: WINDOWS, platformName: WINDOWS, platformVersion: 10.0, rotatable: false, setWindowRect: true, strictFileInteractability: false, timeouts: {implicit: 0, pageLoad: 300000, script: 30000}, unhandledPromptBehavior: dismiss and notify}
Session ID: 96335daa-4ada-4875-a5d6-b5a51719fa52
*** Element info: {Using=css selector, value=#menu-primary-menu-1 &gt; li:nth-child(5) &gt; ul:nth-child(2) &gt; li:nth-child(14) &gt; a:nth-child(1)}
	at org.openqa.selenium.remote.http.W3CHttpResponseCodec.createException(W3CHttpResponseCodec.java:187)
	at org.openqa.selenium.remote.http.W3CHttpResponseCodec.decode(W3CHttpResponseCodec.java:122)
	at org.openqa.selenium.remote.http.W3CHttpResponseCodec.decode(W3CHttpResponseCodec.java:49)
	at org.openqa.selenium.remote.HttpCommandExecutor.execute(HttpCommandExecutor.java:158)
	at org.openqa.selenium.remote.service.DriverCommandExecutor.execute(DriverCommandExecutor.java:83)
	at org.openqa.selenium.remote.RemoteWebDriver.execute(RemoteWebDriver.java:552)
	at org.openqa.selenium.remote.RemoteWebDriver.findElement(RemoteWebDriver.java:323)
	at org.openqa.selenium.remote.RemoteWebDriver.findElementByCssSelector(RemoteWebDriver.java:420)
	at org.openqa.selenium.By$ByCssSelector.findElement(By.java:431)
	at org.openqa.selenium.remote.RemoteWebDriver.findElement(RemoteWebDriver.java:315)
	at NostGroup.NostArtifact.Base.CommonMethods.find_element(CommonMethods.java:221)
	at NostGroup.NostArtifact.Base.CommonMethods.click(CommonMethods.java:80)
	at NostGroup.NostArtifact.Billing.ServiceMaster.serviceMasterVerification(ServiceMaster.java:29)
	at NostGroup.NostArtifact.TestCases.UbarloginCase.verifyServiceMaster(UbarloginCase.java:109)
	at java.util.ArrayList.forEach(ArrayList.java:1249)
... Removed 31 stack frames</pre></div><a href='#' onClick='toggleBox("stack-trace638404853", this, "Click to show all stack frames", "Click to hide stack frames")'>Click to show all stack frames</a>
<div class='stack-trace' id='stack-trace638404853'><pre>org.openqa.selenium.NoSuchElementException: Unable to locate element: #menu-primary-menu-1 &gt; li:nth-child(5) &gt; ul:nth-child(2) &gt; li:nth-child(14) &gt; a:nth-child(1)
For documentation on this error, please visit: https://www.seleniumhq.org/exceptions/no_such_element.html
Build info: version: &apos;3.141.59&apos;, revision: &apos;e82be7d358&apos;, time: &apos;2018-11-14T08:17:03&apos;
System info: host: &apos;CSEKARAITHENT&apos;, ip: &apos;192.168.195.3&apos;, os.name: &apos;Windows 10&apos;, os.arch: &apos;amd64&apos;, os.version: &apos;10.0&apos;, java.version: &apos;1.8.0_112&apos;
Driver info: org.openqa.selenium.firefox.FirefoxDriver
Capabilities {acceptInsecureCerts: true, browserName: firefox, browserVersion: 84.0.2, javascriptEnabled: true, moz:accessibilityChecks: false, moz:buildID: 20210105180113, moz:geckodriverVersion: 0.29.0, moz:headless: false, moz:processID: 1500, moz:profile: C:\Users\Administrator\AppD..., moz:shutdownTimeout: 60000, moz:useNonSpecCompliantPointerOrigin: false, moz:webdriverClick: true, pageLoadStrategy: normal, platform: WINDOWS, platformName: WINDOWS, platformVersion: 10.0, rotatable: false, setWindowRect: true, strictFileInteractability: false, timeouts: {implicit: 0, pageLoad: 300000, script: 30000}, unhandledPromptBehavior: dismiss and notify}
Session ID: 96335daa-4ada-4875-a5d6-b5a51719fa52
*** Element info: {Using=css selector, value=#menu-primary-menu-1 &gt; li:nth-child(5) &gt; ul:nth-child(2) &gt; li:nth-child(14) &gt; a:nth-child(1)}
	at sun.reflect.NativeConstructorAccessorImpl.newInstance0(Native Method)
	at sun.reflect.NativeConstructorAccessorImpl.newInstance(NativeConstructorAccessorImpl.java:62)
	at sun.reflect.DelegatingConstructorAccessorImpl.newInstance(DelegatingConstructorAccessorImpl.java:45)
	at java.lang.reflect.Constructor.newInstance(Constructor.java:423)
	at org.openqa.selenium.remote.http.W3CHttpResponseCodec.createException(W3CHttpResponseCodec.java:187)
	at org.openqa.selenium.remote.http.W3CHttpResponseCodec.decode(W3CHttpResponseCodec.java:122)
	at org.openqa.selenium.remote.http.W3CHttpResponseCodec.decode(W3CHttpResponseCodec.java:49)
	at org.openqa.selenium.remote.HttpCommandExecutor.execute(HttpCommandExecutor.java:158)
	at org.openqa.selenium.remote.service.DriverCommandExecutor.execute(DriverCommandExecutor.java:83)
	at org.openqa.selenium.remote.RemoteWebDriver.execute(RemoteWebDriver.java:552)
	at org.openqa.selenium.remote.RemoteWebDriver.findElement(RemoteWebDriver.java:323)
	at org.openqa.selenium.remote.RemoteWebDriver.findElementByCssSelector(RemoteWebDriver.java:420)
	at org.openqa.selenium.By$ByCssSelector.findElement(By.java:431)
	at org.openqa.selenium.remote.RemoteWebDriver.findElement(RemoteWebDriver.java:315)
	at NostGroup.NostArtifact.Base.CommonMethods.find_element(CommonMethods.java:221)
	at NostGroup.NostArtifact.Base.CommonMethods.click(CommonMethods.java:80)
	at NostGroup.NostArtifact.Billing.ServiceMaster.serviceMasterVerification(ServiceMaster.java:29)
	at NostGroup.NostArtifact.TestCases.UbarloginCase.verifyServiceMaster(UbarloginCase.java:109)
	at sun.reflect.NativeMethodAccessorImpl.invoke0(Native Method)
	at sun.reflect.NativeMethodAccessorImpl.invoke(NativeMethodAccessorImpl.java:62)
	at sun.reflect.DelegatingMethodAccessorImpl.invoke(DelegatingMethodAccessorImpl.java:43)
	at java.lang.reflect.Method.invoke(Method.java:498)
	at org.testng.internal.MethodInvocationHelper.invokeMethod(MethodInvocationHelper.java:134)
	at org.testng.internal.TestInvoker.invokeMethod(TestInvoker.java:597)
	at org.testng.internal.TestInvoker.invokeTestMethod(TestInvoker.java:173)
	at org.testng.internal.MethodRunner.runInSequence(MethodRunner.java:46)
	at org.testng.internal.TestInvoker$MethodInvocationAgent.invoke(TestInvoker.java:816)
	at org.testng.internal.TestInvoker.invokeTestMethods(TestInvoker.java:146)
	at org.testng.internal.TestMethodWorker.invokeTestMethods(TestMethodWorker.java:146)
	at org.testng.internal.TestMethodWorker.run(TestMethodWorker.java:128)
	at java.util.ArrayList.forEach(ArrayList.java:1249)
	at org.testng.TestRunner.privateRun(TestRunner.java:766)
	at org.testng.TestRunner.run(TestRunner.java:587)
	at org.testng.SuiteRunner.runTest(SuiteRunner.java:384)
	at org.testng.SuiteRunner.runSequentially(SuiteRunner.java:378)
	at org.testng.SuiteRunner.privateRun(SuiteRunner.java:337)
	at org.testng.SuiteRunner.run(SuiteRunner.java:286)
	at org.testng.SuiteRunnerWorker.runSuite(SuiteRunnerWorker.java:53)
	at org.testng.SuiteRunnerWorker.run(SuiteRunnerWorker.java:96)
	at org.testng.TestNG.runSuitesSequentially(TestNG.java:1187)
	at org.testng.TestNG.runSuitesLocally(TestNG.java:1109)
	at org.testng.TestNG.runSuites(TestNG.java:1039)
	at org.testng.TestNG.run(TestNG.java:1007)
	at org.testng.remote.AbstractRemoteTestNG.run(AbstractRemoteTestNG.java:115)
	at org.testng.remote.RemoteTestNG.initAndRun(RemoteTestNG.java:251)
	at org.testng.remote.RemoteTestNG.main(RemoteTestNG.java:77)
</pre></div></td>
<td>12</td>
<td>NostGroup.NostArtifact.TestCases.UbarloginCase@16aa0a0a</td></tr>
</table><p>
<table width='100%' border='1' class='invocation-passed'>
<tr><td colspan='4' align='center'><b>PASSED TESTS</b></td></tr>
<tr><td><b>Test method</b></td>
<td width="30%"><b>Exception</b></td>
<td width="10%"><b>Time (seconds)</b></td>
<td><b>Instance</b></td>
</tr>
<tr>
<td title='NostGroup.NostArtifact.TestCases.UbarloginCase.addCatalog()'><b>addCatalog</b><br>Test class: NostGroup.NostArtifact.TestCases.UbarloginCase<br>Parameters: {Aux_Label_6=, Aux_Label_5=, Aux_Label_4=Chemotherapy Drug, Drug_ID_#=26-Jan-21-01-Drg-DID1, Aux_Label_3=Refrigerate, Status=, Aux_Label_2=Shake Well, Aux_Label_1=Take With Food, Storage_Location=Location 2, Max=, UPC_Ratio=7.0, Hemoglobin=4.0, Strength/Concentration=22.22, Reorder_Point=, Formulation=Enema, Other3=Other 3, Other2=Other 2, Other1=Other 1, ANC=2.0, Pharmacy_Drug=26-Jan-21-01-PHARM-1-C, Bilirubin:_T-Bili=12.0, IVRS=Yes, Level_of_Accountability=Unit, Qty_per_Unit=48.0, Frequency=twice daily, Patient_Specific_Drug=No, Drug_Proto_SPID=26-Jan-21-01-PROT-SPID, Day_Supply=10.0, esignature=a1234, Drug_Name=26-Jan-21-01-Drg, Compounded_Med_Label=Sterile Compounded Medication, NSC_#=26-Jan-21-01-Drg-nsc1, ALT/SGPT=14.0, PLT's=3.0, Drug_Label_Name=26-Jan-21-01-Drg-dl1, Min=, Route=, 24-hour_Collection=6.0, Serum_Creatinine=11.0, Dose_on_Label=Take with water of 8oz, before food, Storage_Condition=Room Temperature, Unit_Type=Tube, Label_Template=Standard (w/ Lab), Drug_Protocol=26-Jan-21-01-PROT, Supplier_Name=26-Jan-21-01-Supplier-1, Drug_Name_edit=26-Jan-21-01-Drg-Edit, Unit_of_Measure=mEq, Track_By=Strength, Dipstick=5.0, Alternative_Drug_Name=26-Jan-21-01-Drg-adn1, To_Be_Linked=Yes, AST/SGOT=13.0}<br/>
<a href="#Output-1203638171" onClick='toggleBox("Output-1203638171", this, "Show output", "Hide output");'>Show output</a>

<a href="#Output-1203638171" onClick="toggleAllBoxes();">Show all outputs</a>
<div class='log' id="Output-1203638171">
Clicked the item: add-drug<br/>
Entered the value '26-Jan-21-01-Drg' in field 'drug-name'<br/>
Selected the value 'Strength in field 'track-by'<br/>
Entered the value '22.22' in field 'strength-concentration'<br/>
Selected the value 'mEq in field 'unit-of-measure'<br/>
Selected the value 'Enema in field 'formulation'<br/>
Entered the value '26-Jan-21-01-Drg-dl1' in field 'drug-label-name'<br/>
Entered the value '26-Jan-21-01-Drg-DID1' in field 'drug-id'<br/>
Entered the value '26-Jan-21-01-Drg-nsc1' in field 'drug-nsc'<br/>
Entered the value '26-Jan-21-01-Drg-adn1' in field 'alternative-drug-name'<br/>
Clicked the item: set-defaults<br/>
'patient-specific-drug' is checked/ticked by default<br/>
 Input is Yes for the field 'ivrs' and Checkbox is unchecked by default, now checked/ticked successfully<br/>
Selected the value 'Yes in field 'to-be-linked'<br/>
Selected the value 'Unit in field 'level-of-accountability'<br/>
Selected the value 'Tube in field 'unit-type'<br/>
Entered the value '48.0' in field 'qty-per-unit'<br/>
Entered the value '26-Jan-21-01-Supplier-1' in field 'catalog-supplier-name'<br/>
Selected the value 'Room Temperature in field 'storage-condition'<br/>
Selected the value '26-Jan-21-01-PHARM-1-C in field 'pharmacy'<br/>
Selected the value 'Location 2 in field 'storage-location'<br/>
Selected the value 'twice daily in field 'frequency'<br/>
Entered the value 'Take with water of 8oz, before food' in field 'dose-on-label'<br/>
Selected the value 'Standard (w/ Lab) in field 'label-template'<br/>
Entered the value '10.0' in field 'day-supply'<br/>
Selected the value 'Take With Food in field 'aux-label1'<br/>
Selected the value 'Shake Well in field 'aux-label2'<br/>
Selected the value 'Refrigerate in field 'aux-label3'<br/>
Selected the value 'Chemotherapy Drug in field 'aux-label4'<br/>
Clicked the item: add-drug<br/>
Entered the value '26-Jan-21-01-PROT' in field 'cat-prot-sear'<br/>
Clicked the item: cat-prot-sear-ok<br/>
Entered the value 'a1234' in field 'catalog-esign'<br/>
Clicked the item: catalog-submit<br/>
</div>
</td>
<td></td>
<td>28</td>
<td>NostGroup.NostArtifact.TestCases.UbarloginCase@16aa0a0a</td></tr>
<tr>
<td title='NostGroup.NostArtifact.TestCases.UbarloginCase.addPatient()'><b>addPatient</b><br>Test class: NostGroup.NostArtifact.TestCases.UbarloginCase<br>Parameters: {Patient_Study_ID=26-Jan-21-01-PAT1-STY, Gender=Female, Protocol_ID=26-Jan-21-01-PROT, Patient_Status=Active, Patient_Stop_Date=, Country=India, Patient_Start_Date=, Zip/Postal_Code=123456.0, Assigned_Drug=, esignature=a1234, Home_Phone(s)=098-098-978765, State=Tamil Nadu, Drug_Name=26-Jan-21-01-Drg, Patient_MRN=26-Jan-21-01-PAT1-1, Address_2=2nd Street, Address_1=11.0, PID=PID-002, Unit_of_Measure=mEq, Strength/Concentration=22.22, Patient_First_Name=26-Jan-21-01-FN, Patient_Last_Name=26-Jan-21-01-LN, Patient_DOB=11-10-1999, Cohort/Dose_Level=39.87, Email=ncoup@ncoup.com, Work_Phone(s)=7297932-899, City=Chennai}<br/>
<a href="#Output-1007550632" onClick='toggleBox("Output-1007550632", this, "Show output", "Hide output");'>Show output</a>

<a href="#Output-1007550632" onClick="toggleAllBoxes();">Show all outputs</a>
<div class='log' id="Output-1007550632">
Clicked the item: patient-menu<br/>
Clicked the item: add-patient-to-protocol<br/>
Entered the value '26-Jan-21-01-PAT1-1' in field 'patient-mrn'<br/>
Entered the value '26-Jan-21-01-FN' in field 'patient-first-name'<br/>
Entered the value '26-Jan-21-01-LN' in field 'patient-last-name'<br/>
Selected the value 'Female in field 'patient-gender'<br/>
Entered the value '11-10-1999' in field 'patient-dob'<br/>
Selected the value 'Active in field 'patient-status'<br/>
Entered the value '26-Jan-21-01-PROT' in field 'patient-protocol-id'<br/>
Entered the value '26-Jan-21-01-PAT1-STY' in field 'patient-study-id'<br/>
Entered the value '39.87' in field 'cohort-dose-level'<br/>
Clicked the item: add-contact-info<br/>
Entered the value '11.0' in field 'address-1'<br/>
Entered the value '2nd Street' in field 'address-2'<br/>
Entered the value 'Chennai' in field 'city'<br/>
Entered the value 'Tamil Nadu' in field 'state'<br/>
Entered the value '123456.0' in field 'zip-postal-code'<br/>
Entered the value 'India' in field 'country'<br/>
Entered the value '098-098-978765' in field 'home-phone'<br/>
Entered the value '7297932-899' in field 'work-phone'<br/>
Entered the value 'ncoup@ncoup.com' in field 'email'<br/>
Entered the value 'PID-002' in field 'pid'<br/>
Entered the value 'a1234' in field 'patient-esgin'<br/>
Clicked the item: patient-submit<br/>
</div>
</td>
<td></td>
<td>31</td>
<td>NostGroup.NostArtifact.TestCases.UbarloginCase@16aa0a0a</td></tr>
<tr>
<td title='NostGroup.NostArtifact.TestCases.UbarloginCase.addPharmacy()'><b>addPharmacy</b><br>Test class: NostGroup.NostArtifact.TestCases.UbarloginCase<br>Parameters: {NCI_Record=Control, Grant_Control_Rights?=Yes, Disable_Dispensing/Par_Level_4=No, Disable_Dispensing/Par_Level_3=No, Disable_Dispensing/Par_Level_2=No, Disable_Dispensing/Par_Level_1=No, esignature=a1234, Zip/PostalCode=1234567.0, State=nCoup State, Phone=098-098-0987, Address_2=nCoup Street, Address_1=11.0, Storage_Location_4=Location 4, Storage_Location_3=Location 3, Storage_Location_2=Location 2, Pharmacy_Name=26-Jan-21-01-PHARM-1-C, Storage_Location_1=Location 1, Organization=Pharmacy, Storage_Condition_4=Freezer -20, Storage_Condition_3=Refrigerated, Storage_Condition_2=Room Temperature, DEA=DEA234, Pharmacy_Name_Edit=26-Jan-21-01-PHARM-1-C-Edit, Storage_Condition_1=Refrigerator, Pharmacy's_Name_for_Patient_Label=nCoup Control pharmacy QA, City=nCoup City}<br/>
<a href="#Output-16556935" onClick='toggleBox("Output-16556935", this, "Show output", "Hide output");'>Show output</a>

<a href="#Output-16556935" onClick="toggleAllBoxes();">Show all outputs</a>
<div class='log' id="Output-16556935">
Clicked the item: organization<br/>
Selected the value 'Pharmacy in field 'organization-selection'<br/>
Clicked the item: add-new-pharmacy<br/>
Entered the value '26-Jan-21-01-PHARM-1-C' in field 'pharmacy-name'<br/>
 Input is Yes for the field 'grant-control-rights' and Checkbox is unchecked by default, now checked/ticked successfully<br/>
Selected the value 'Control in field 'nci-record'<br/>
Selected the value 'Refrigerator in field 'storage-condition1'<br/>
Entered the value 'Location 1' in field 'storage-location1'<br/>
'disable-dispense-par-level1' is checked/ticked by default<br/>
Selected the value 'Room Temperature in field 'storage-condition2'<br/>
Entered the value 'Location 2' in field 'storage-location2'<br/>
'disable-dispense-par-level2' is checked/ticked by default<br/>
Selected the value 'Refrigerated in field 'storage-condition3'<br/>
Entered the value 'Location 3' in field 'storage-location3'<br/>
'disable-dispense-par-level3' is checked/ticked by default<br/>
Selected the value 'Freezer -20 in field 'storage-condition4'<br/>
Entered the value 'Location 4' in field 'storage-location4'<br/>
'disable-dispense-par-level4' is checked/ticked by default<br/>
Clicked the item: pharmacy-address<br/>
Entered the value '11.0' in field 'pharmacy-address-1'<br/>
Entered the value 'nCoup Street' in field 'pharmacy-address-2'<br/>
Entered the value 'nCoup City' in field 'pharmacy-city'<br/>
Entered the value 'nCoup State' in field 'pharmacy-state'<br/>
Entered the value '1234567.0' in field 'pharmacy-zip-postalcode'<br/>
Entered the value '098-098-0987' in field 'pharmacy-phone'<br/>
Entered the value 'nCoup Control pharmacy QA' in field 'pharmacy-name-label-name'<br/>
Entered the value 'DEA234' in field 'pharmacy-dea'<br/>
Entered the value 'a1234' in field 'pharmacy-esign'<br/>
Clicked the item: pharmacy-submit<br/>
</div>
</td>
<td></td>
<td>15</td>
<td>NostGroup.NostArtifact.TestCases.UbarloginCase@16aa0a0a</td></tr>
<tr>
<td title='NostGroup.NostArtifact.TestCases.UbarloginCase.addProtocol()'><b>addProtocol</b><br>Test class: NostGroup.NostArtifact.TestCases.UbarloginCase<br>Parameters: {Service=Both, OP_Investigator_ID=Op-Inv-ID-02, Protocol_Phase_Start_Date=04-01-2020, Site_Number=STN002, Investigator_ID=Inv-ID-01, ID_Expiration=10-10-2021, OP_PI_Last_Name=OP-Ins-LN, Closed_to_New_Patients=05-01-2020, Description=TestLink-1, Protocol_Title=26-Jan-21-01-PROT-Title, Protocol_Category=Genetics, Optional_PI_Institution=Opt-Ins-nCoup, Sponsor_Protocol_ID=26-Jan-21-01-PROT-SPID, Protocol_Completion_Date=06-10-2020, Noti_Return=Return Notifications, External_IRB#=EIRB-Z100, PI_First_Name=nCoup-PI-FN, Protocol_Sponsor=26-Jan-21-01-PROT-SP, Protocol_Status=CNPE, esignature=a1234, Noti_Transfer=Transfer Notifications, Noti_Destroy=Destroy Notifications, Drug(s)_and_Kit(s)=, OP_PI_First_Name=Op-Ins-FN, Category=Protocol Data Sheet, Noti_Pat_Return=Patient Returns Notifications, Protocol_Closure_Date=06-01-2020, Noti_Receive=Receive Notifications, Study_Contact=Study contact comments, Protocol_ID=26-Jan-21-01-PROT, Version=v1.1, Internal_IRB#=IRB-Z001, Noti_Dispense=Dispense Notifications, Reason_for_Closure=Protocol Study completed, Disease_Program=Leukemia, Type=Link, Study_Source=Industry, Protocol_Phase=Phase 2, Pharmacy_Status=Active, Protocol_ID_Edit=26-Jan-21-01-PROT-Edit, Protocol_Type=Open label, PI_Last_Name=nCoup-PI-LN}<br/>
<a href="#Output-403960809" onClick='toggleBox("Output-403960809", this, "Show output", "Hide output");'>Show output</a>

<a href="#Output-403960809" onClick="toggleAllBoxes();">Show all outputs</a>
<div class='log' id="Output-403960809">
Clicked the item: protocol<br/>
Clicked the item: add-protocol<br/>
Entered the value '26-Jan-21-01-PROT' in field 'protocol-id'<br/>
Entered the value '26-Jan-21-01-PROT-Title' in field 'protocol-title'<br/>
Selected the value 'CNPE in field 'protocol-status'<br/>
Selected the value 'Active in field 'pharmacy-status'<br/>
Entered the value '26-Jan-21-01-PROT-SPID' in field 'sponsor-protocol-id'<br/>
Entered the value '26-Jan-21-01-PROT-SP' in field 'protocol-sponsor'<br/>
Entered the value 'STN002' in field 'site-number'<br/>
Selected the value 'Phase 2 in field 'protocol-phase'<br/>
Selected the value 'Leukemia in field 'disease-program'<br/>
Selected the value 'Both in field 'service'<br/>
Selected the value 'Industry in field 'study-source'<br/>
Selected the value 'Open label in field 'protocol-type'<br/>
Entered the value 'IRB-Z001' in field 'internal-irb'<br/>
Entered the value 'EIRB-Z100' in field 'external-irb'<br/>
Selected the value 'Genetics in field 'protocol-category'<br/>
Clicked the item: staff<br/>
Entered the value 'nCoup-PI-FN' in field 'pi-first-name'<br/>
Entered the value 'nCoup-PI-LN' in field 'pi-last-name'<br/>
Entered the value 'Inv-ID-01' in field 'investigator-id'<br/>
Entered the value '10-10-2021' in field 'id-expiration'<br/>
Entered the value 'Opt-Ins-nCoup' in field 'opt-pi-institution'<br/>
Entered the value 'Op-Ins-FN' in field 'opt-pi-first-name'<br/>
Entered the value 'OP-Ins-LN' in field 'opt-pi-last-name'<br/>
Entered the value 'Op-Inv-ID-02' in field 'opt-investigator-id'<br/>
Entered the value '10-10-2021' in field 'opt-id-expiration'<br/>
Entered the value 'Study contact comments' in field 'study-contact'<br/>
Clicked the item: key-dates<br/>
Entered the value '04-01-2020' in field 'protocol-phase-start-date'<br/>
Entered the value '05-01-2020' in field 'closed-to-new-patients'<br/>
Entered the value '06-01-2020' in field 'protocol-closure-date'<br/>
Entered the value 'Protocol Study completed' in field 'reason-for-closure'<br/>
Entered the value '06-10-2020' in field 'protocol-completion-date'<br/>
Clicked the item: notifications<br/>
Entered the value 'Receive Notifications' in field 'not-receive'<br/>
Entered the value 'Transfer Notifications' in field 'not-transfer'<br/>
Entered the value 'Dispense Notifications' in field 'not-dispense'<br/>
Entered the value 'Destroy Notifications' in field 'not-destroy'<br/>
Entered the value 'Return Notifications' in field 'not-return'<br/>
Entered the value 'a1234' in field 'protocol-esign'<br/>
Clicked the item: protocol-submit<br/>
</div>
</td>
<td></td>
<td>25</td>
<td>NostGroup.NostArtifact.TestCases.UbarloginCase@16aa0a0a</td></tr>
<tr>
<td title='NostGroup.NostArtifact.TestCases.UbarloginCase.addSupplier()'><b>addSupplier</b><br>Test class: NostGroup.NostArtifact.TestCases.UbarloginCase<br>Parameters: {Supplier_Name_3=26-Jan-21-01-Supplier-3, Supplier_Name_2=26-Jan-21-01-Supplier-2, Organization=Supplier, Supplier_Name_1_Edit=26-Jan-21-01-Supplier-1-Edit, Supplier_Name_1=26-Jan-21-01-Supplier-1, esignature=a1234}<br/>
<a href="#Output-1684802151" onClick='toggleBox("Output-1684802151", this, "Show output", "Hide output");'>Show output</a>

<a href="#Output-1684802151" onClick="toggleAllBoxes();">Show all outputs</a>
<div class='log' id="Output-1684802151">
Clicked the item: organization<br/>
Selected the value 'Supplier in field 'organization-selection'<br/>
Clicked the item: supplier-add<br/>
Entered the value '26-Jan-21-01-Supplier-1' in field 'supplier-name'<br/>
Clicked the item: add-more-supplier1<br/>
Entered the value '26-Jan-21-01-Supplier-2' in field 'supplier-name-1'<br/>
Clicked the item: add-more-supplier2<br/>
Entered the value '26-Jan-21-01-Supplier-3' in field 'supplier-name-2'<br/>
Entered the value 'a1234' in field 'supplier-esign'<br/>
Clicked the item: supplier-submit<br/>
</div>
</td>
<td></td>
<td>25</td>
<td>NostGroup.NostArtifact.TestCases.UbarloginCase@16aa0a0a</td></tr>
<tr>
<td title='NostGroup.NostArtifact.TestCases.UbarloginCase.commonReceive()'><b>commonReceive</b><br>Test class: NostGroup.NostArtifact.TestCases.UbarloginCase<br>Parameters: {Receive_Protocol_ID=26-Jan-21-01-PROT, Receive_Drug_name=wewdw, Lot_#=587-au1-U, Formulation=, Range_End=121.0, Unit_Type=Unit, esignature=a1234, Level_of_Accountability=, Receive_Storage_Location=, Drug_Name=26-Jan-21-01-Drg, Expiration_Date=05-05-2021, Receive_Pharmacy=, Range_Start=99.0, IVRS=, Comment=Receving Drug, Unit_of_Measure=mEq, Total_Qty=250.0, Strength/Concentration=87.23, Patient_Specific_Drug=, Receive_Storage_Condition=, Supplier_Name=, Qty_per_Unit=13.54, Static_ID=QWAP-}<br/>
<a href="#Output-1282035709" onClick='toggleBox("Output-1282035709", this, "Show output", "Hide output");'>Show output</a>

<a href="#Output-1282035709" onClick="toggleAllBoxes();">Show all outputs</a>
<div class='log' id="Output-1282035709">
Clicked the item: receive-add<br/>
Entered the value '26-Jan-21-01-PROT' in field 'receive-protocol-id'<br/>
Entered the value '587-au1-U' in field 'receive-lot'<br/>
Entered the value 'QWAP-' in field 'receive-static'<br/>
Entered the value '99.0' in field 'unit-range-start'<br/>
Entered the value '121.0' in field 'unit-range-end'<br/>
Clicked the item: unit-gen<br/>
Entered the value '05-05-2021' in field 'receive-expiration-date'<br/>
Entered the value 'Receving Drug' in field 'receive-comment'<br/>
Clicked the item: receive-save<br/>
</div>
</td>
<td></td>
<td>24</td>
<td>NostGroup.NostArtifact.TestCases.UbarloginCase@16aa0a0a</td></tr>
<tr>
<td title='NostGroup.NostArtifact.TestCases.UbarloginCase.commonTransferToPharmacy()'><b>commonTransferToPharmacy</b><br>Test class: NostGroup.NostArtifact.TestCases.UbarloginCase<br>Parameters: {Total_Qty_to_Drug_Transfer-Lot=10.0, esignature=a1234, Trans_from_Pharmacy=26-Jan-21-01-PHARM-1-C, Drug_Name=26-Jan-21-01-Drg, Trans_To_Pharmacy=04-Nov-20-01-PHARM-1-C, Transfer_Lot_#=587-au1-U, Unit_of_Measure=mEq, Strength/Concentration=22.22, Unit#4=, Unit#3=, From_Storage_location=Location 2, Transfer_Protocol_ID=26-Jan-21-01-PROT, Unit#2=, Unit#1=QWAP-0101, Number_of_units_to_be_transferred=, To_Storage_Location=Location 2, Transfer_comment=Transfer comments, Transfer_Drug_ID=26-Jan-21-01-Drg}<br/>
<a href="#Output-598551831" onClick='toggleBox("Output-598551831", this, "Show output", "Hide output");'>Show output</a>

<a href="#Output-598551831" onClick="toggleAllBoxes();">Show all outputs</a>
<div class='log' id="Output-598551831">
Clicked the item: trans-to-pharm<br/>
Entered the value '26-Jan-21-01-PROT' in field 'trans-protocol-id'<br/>
Selected the value '26-Jan-21-01-PHARM-1-C in field 'trans-fro-pharmacy'<br/>
Selected the value 'Location 2 in field 'trans-from-sto-location'<br/>
Selected the value '04-Nov-20-01-PHARM-1-C in field 'trans-to-pharmacy'<br/>
Selected the value 'Location 2 in field 'trans-to-sto-location'<br/>
Entered the value 'Transfer comments' in field 'trans-comment'<br/>
Entered the value 'a1234' in field 'trans-esign'<br/>
Clicked the item: trans-submit<br/>
</div>
</td>
<td></td>
<td>47</td>
<td>NostGroup.NostArtifact.TestCases.UbarloginCase@16aa0a0a</td></tr>
<tr>
<td title='NostGroup.NostArtifact.TestCases.UbarloginCase.nostLogin()'><b>nostLogin</b><br>Test class: NostGroup.NostArtifact.TestCases.UbarloginCase<br>Parameters: {PassWord=aithentchn, rundata=Y, UserName=admin, e-Signature=a1234}<br/>
<a href="#Output-626626764" onClick='toggleBox("Output-626626764", this, "Show output", "Hide output");'>Show output</a>

<a href="#Output-626626764" onClick="toggleAllBoxes();">Show all outputs</a>
<div class='log' id="Output-626626764">
Starting to Login....<br/>
Entered the value 'admin' in field 'username'<br/>
Entered the value 'aithentchn' in field 'password'<br/>
Clicked the item: login-button<br/>
</div>
</td>
<td></td>
<td>5</td>
<td>NostGroup.NostArtifact.TestCases.UbarloginCase@16aa0a0a</td></tr>
<tr>
<td title='NostGroup.NostArtifact.TestCases.UbarloginCase.submitqueueReceive()'><b>submitqueueReceive</b><br>Test class: NostGroup.NostArtifact.TestCases.UbarloginCase<br>Parameters: {Receive_Protocol_ID=26-Jan-21-01-PROT, Receive_Drug_name=wewdw, Lot_#=587-au1-U, Formulation=, Range_End=121.0, Unit_Type=Unit, esignature=a1234, Level_of_Accountability=, Receive_Storage_Location=, Drug_Name=26-Jan-21-01-Drg, Expiration_Date=05-05-2021, Receive_Pharmacy=, Range_Start=99.0, IVRS=, Comment=Receving Drug, Unit_of_Measure=mEq, Total_Qty=250.0, Strength/Concentration=87.23, Patient_Specific_Drug=, Receive_Storage_Condition=, Supplier_Name=, Qty_per_Unit=13.54, Static_ID=QWAP-}<br/>
<a href="#Output-222179461" onClick='toggleBox("Output-222179461", this, "Show output", "Hide output");'>Show output</a>

<a href="#Output-222179461" onClick="toggleAllBoxes();">Show all outputs</a>
<div class='log' id="Output-222179461">
Entered the value '26-Jan-21-01-PROT' in field 'rec-tab-search'<br/>
Entered the value 'a1234' in field 'receive-edit'<br/>
Clicked the item: receive-submit<br/>
</div>
</td>
<td></td>
<td>20</td>
<td>NostGroup.NostArtifact.TestCases.UbarloginCase@16aa0a0a</td></tr>
<tr>
<td title='NostGroup.NostArtifact.TestCases.UbarloginCase.ubarLogin()'><b>ubarLogin</b><br>Test class: NostGroup.NostArtifact.TestCases.UbarloginCase<br>Parameters: {PassWord=aithentchn, rundata=Y, UserName=admin, e-Signature=a1234}<br/>
<a href="#Output-1678413715" onClick='toggleBox("Output-1678413715", this, "Show output", "Hide output");'>Show output</a>

<a href="#Output-1678413715" onClick="toggleAllBoxes();">Show all outputs</a>
<div class='log' id="Output-1678413715">
Login Billing starts....<br/>
Entered the value 'admin' in field 'username-billing'<br/>
Entered the value 'aithentchn' in field 'password-billing'<br/>
Clicked the item: login-button-billing<br/>
</div>
</td>
<td></td>
<td>12</td>
<td>NostGroup.NostArtifact.TestCases.UbarloginCase@16aa0a0a</td></tr>
</table><p>
<table width='100%' border='1' class='invocation-skipped'>
<tr><td colspan='4' align='center'><b>SKIPPED TESTS</b></td></tr>
<tr><td><b>Test method</b></td>
<td width="30%"><b>Exception</b></td>
<td width="10%"><b>Time (seconds)</b></td>
<td><b>Instance</b></td>
</tr>
<tr>
<td title='NostGroup.NostArtifact.TestCases.UbarloginCase.addDispense()'><b>addDispense</b><br>Test class: NostGroup.NostArtifact.TestCases.UbarloginCase</td>
<td><div><pre>java.lang.Throwable: Method UbarloginCase.addDispense(java.util.Hashtable)[pri:13, instance:NostGroup.NostArtifact.TestCases.UbarloginCase@16aa0a0a] depends on not successfully finished methods
	at java.util.ArrayList.forEach(ArrayList.java:1249)
... Removed 18 stack frames</pre></div><a href='#' onClick='toggleBox("stack-trace1321185349", this, "Click to show all stack frames", "Click to hide stack frames")'>Click to show all stack frames</a>
<div class='stack-trace' id='stack-trace1321185349'><pre>java.lang.Throwable: Method UbarloginCase.addDispense(java.util.Hashtable)[pri:13, instance:NostGroup.NostArtifact.TestCases.UbarloginCase@16aa0a0a] depends on not successfully finished methods
	at org.testng.internal.TestInvoker.invokeTestMethods(TestInvoker.java:101)
	at org.testng.internal.TestMethodWorker.invokeTestMethods(TestMethodWorker.java:146)
	at org.testng.internal.TestMethodWorker.run(TestMethodWorker.java:128)
	at java.util.ArrayList.forEach(ArrayList.java:1249)
	at org.testng.TestRunner.privateRun(TestRunner.java:766)
	at org.testng.TestRunner.run(TestRunner.java:587)
	at org.testng.SuiteRunner.runTest(SuiteRunner.java:384)
	at org.testng.SuiteRunner.runSequentially(SuiteRunner.java:378)
	at org.testng.SuiteRunner.privateRun(SuiteRunner.java:337)
	at org.testng.SuiteRunner.run(SuiteRunner.java:286)
	at org.testng.SuiteRunnerWorker.runSuite(SuiteRunnerWorker.java:53)
	at org.testng.SuiteRunnerWorker.run(SuiteRunnerWorker.java:96)
	at org.testng.TestNG.runSuitesSequentially(TestNG.java:1187)
	at org.testng.TestNG.runSuitesLocally(TestNG.java:1109)
	at org.testng.TestNG.runSuites(TestNG.java:1039)
	at org.testng.TestNG.run(TestNG.java:1007)
	at org.testng.remote.AbstractRemoteTestNG.run(AbstractRemoteTestNG.java:115)
	at org.testng.remote.RemoteTestNG.initAndRun(RemoteTestNG.java:251)
	at org.testng.remote.RemoteTestNG.main(RemoteTestNG.java:77)
</pre></div></td>
<td>0</td>
<td>NostGroup.NostArtifact.TestCases.UbarloginCase@16aa0a0a</td></tr>
<tr>
<td title='NostGroup.NostArtifact.TestCases.UbarloginCase.nostLogin2()'><b>nostLogin2</b><br>Test class: NostGroup.NostArtifact.TestCases.UbarloginCase</td>
<td><div><pre>java.lang.Throwable: Method UbarloginCase.nostLogin2(java.util.Hashtable)[pri:12, instance:NostGroup.NostArtifact.TestCases.UbarloginCase@16aa0a0a] depends on not successfully finished methods
	at java.util.ArrayList.forEach(ArrayList.java:1249)
... Removed 18 stack frames</pre></div><a href='#' onClick='toggleBox("stack-trace1288168365", this, "Click to show all stack frames", "Click to hide stack frames")'>Click to show all stack frames</a>
<div class='stack-trace' id='stack-trace1288168365'><pre>java.lang.Throwable: Method UbarloginCase.nostLogin2(java.util.Hashtable)[pri:12, instance:NostGroup.NostArtifact.TestCases.UbarloginCase@16aa0a0a] depends on not successfully finished methods
	at org.testng.internal.TestInvoker.invokeTestMethods(TestInvoker.java:101)
	at org.testng.internal.TestMethodWorker.invokeTestMethods(TestMethodWorker.java:146)
	at org.testng.internal.TestMethodWorker.run(TestMethodWorker.java:128)
	at java.util.ArrayList.forEach(ArrayList.java:1249)
	at org.testng.TestRunner.privateRun(TestRunner.java:766)
	at org.testng.TestRunner.run(TestRunner.java:587)
	at org.testng.SuiteRunner.runTest(SuiteRunner.java:384)
	at org.testng.SuiteRunner.runSequentially(SuiteRunner.java:378)
	at org.testng.SuiteRunner.privateRun(SuiteRunner.java:337)
	at org.testng.SuiteRunner.run(SuiteRunner.java:286)
	at org.testng.SuiteRunnerWorker.runSuite(SuiteRunnerWorker.java:53)
	at org.testng.SuiteRunnerWorker.run(SuiteRunnerWorker.java:96)
	at org.testng.TestNG.runSuitesSequentially(TestNG.java:1187)
	at org.testng.TestNG.runSuitesLocally(TestNG.java:1109)
	at org.testng.TestNG.runSuites(TestNG.java:1039)
	at org.testng.TestNG.run(TestNG.java:1007)
	at org.testng.remote.AbstractRemoteTestNG.run(AbstractRemoteTestNG.java:115)
	at org.testng.remote.RemoteTestNG.initAndRun(RemoteTestNG.java:251)
	at org.testng.remote.RemoteTestNG.main(RemoteTestNG.java:77)
</pre></div></td>
<td>0</td>
<td>NostGroup.NostArtifact.TestCases.UbarloginCase@16aa0a0a</td></tr>
<tr>
<td title='NostGroup.NostArtifact.TestCases.UbarloginCase.ubarLogin2()'><b>ubarLogin2</b><br>Test class: NostGroup.NostArtifact.TestCases.UbarloginCase</td>
<td><div><pre>java.lang.Throwable: Method UbarloginCase.ubarLogin2(java.util.Hashtable)[pri:14, instance:NostGroup.NostArtifact.TestCases.UbarloginCase@16aa0a0a] depends on not successfully finished methods
	at java.util.ArrayList.forEach(ArrayList.java:1249)
... Removed 18 stack frames</pre></div><a href='#' onClick='toggleBox("stack-trace1270620605", this, "Click to show all stack frames", "Click to hide stack frames")'>Click to show all stack frames</a>
<div class='stack-trace' id='stack-trace1270620605'><pre>java.lang.Throwable: Method UbarloginCase.ubarLogin2(java.util.Hashtable)[pri:14, instance:NostGroup.NostArtifact.TestCases.UbarloginCase@16aa0a0a] depends on not successfully finished methods
	at org.testng.internal.TestInvoker.invokeTestMethods(TestInvoker.java:101)
	at org.testng.internal.TestMethodWorker.invokeTestMethods(TestMethodWorker.java:146)
	at org.testng.internal.TestMethodWorker.run(TestMethodWorker.java:128)
	at java.util.ArrayList.forEach(ArrayList.java:1249)
	at org.testng.TestRunner.privateRun(TestRunner.java:766)
	at org.testng.TestRunner.run(TestRunner.java:587)
	at org.testng.SuiteRunner.runTest(SuiteRunner.java:384)
	at org.testng.SuiteRunner.runSequentially(SuiteRunner.java:378)
	at org.testng.SuiteRunner.privateRun(SuiteRunner.java:337)
	at org.testng.SuiteRunner.run(SuiteRunner.java:286)
	at org.testng.SuiteRunnerWorker.runSuite(SuiteRunnerWorker.java:53)
	at org.testng.SuiteRunnerWorker.run(SuiteRunnerWorker.java:96)
	at org.testng.TestNG.runSuitesSequentially(TestNG.java:1187)
	at org.testng.TestNG.runSuitesLocally(TestNG.java:1109)
	at org.testng.TestNG.runSuites(TestNG.java:1039)
	at org.testng.TestNG.run(TestNG.java:1007)
	at org.testng.remote.AbstractRemoteTestNG.run(AbstractRemoteTestNG.java:115)
	at org.testng.remote.RemoteTestNG.initAndRun(RemoteTestNG.java:251)
	at org.testng.remote.RemoteTestNG.main(RemoteTestNG.java:77)
</pre></div></td>
<td>0</td>
<td>NostGroup.NostArtifact.TestCases.UbarloginCase@16aa0a0a</td></tr>
<tr>
<td title='NostGroup.NostArtifact.TestCases.UbarloginCase.verifyCPP()'><b>verifyCPP</b><br>Test class: NostGroup.NostArtifact.TestCases.UbarloginCase</td>
<td><div><pre>java.lang.Throwable: Method UbarloginCase.verifyCPP(java.util.Hashtable)[pri:11, instance:NostGroup.NostArtifact.TestCases.UbarloginCase@16aa0a0a] depends on not successfully finished methods
	at java.util.ArrayList.forEach(ArrayList.java:1249)
... Removed 18 stack frames</pre></div><a href='#' onClick='toggleBox("stack-trace1817897213", this, "Click to show all stack frames", "Click to hide stack frames")'>Click to show all stack frames</a>
<div class='stack-trace' id='stack-trace1817897213'><pre>java.lang.Throwable: Method UbarloginCase.verifyCPP(java.util.Hashtable)[pri:11, instance:NostGroup.NostArtifact.TestCases.UbarloginCase@16aa0a0a] depends on not successfully finished methods
	at org.testng.internal.TestInvoker.invokeTestMethods(TestInvoker.java:101)
	at org.testng.internal.TestMethodWorker.invokeTestMethods(TestMethodWorker.java:146)
	at org.testng.internal.TestMethodWorker.run(TestMethodWorker.java:128)
	at java.util.ArrayList.forEach(ArrayList.java:1249)
	at org.testng.TestRunner.privateRun(TestRunner.java:766)
	at org.testng.TestRunner.run(TestRunner.java:587)
	at org.testng.SuiteRunner.runTest(SuiteRunner.java:384)
	at org.testng.SuiteRunner.runSequentially(SuiteRunner.java:378)
	at org.testng.SuiteRunner.privateRun(SuiteRunner.java:337)
	at org.testng.SuiteRunner.run(SuiteRunner.java:286)
	at org.testng.SuiteRunnerWorker.runSuite(SuiteRunnerWorker.java:53)
	at org.testng.SuiteRunnerWorker.run(SuiteRunnerWorker.java:96)
	at org.testng.TestNG.runSuitesSequentially(TestNG.java:1187)
	at org.testng.TestNG.runSuitesLocally(TestNG.java:1109)
	at org.testng.TestNG.runSuites(TestNG.java:1039)
	at org.testng.TestNG.run(TestNG.java:1007)
	at org.testng.remote.AbstractRemoteTestNG.run(AbstractRemoteTestNG.java:115)
	at org.testng.remote.RemoteTestNG.initAndRun(RemoteTestNG.java:251)
	at org.testng.remote.RemoteTestNG.main(RemoteTestNG.java:77)
</pre></div></td>
<td>0</td>
<td>NostGroup.NostArtifact.TestCases.UbarloginCase@16aa0a0a</td></tr>
<tr>
<td title='NostGroup.NostArtifact.TestCases.UbarloginCase.verifyReviewCharges()'><b>verifyReviewCharges</b><br>Test class: NostGroup.NostArtifact.TestCases.UbarloginCase</td>
<td><div><pre>java.lang.Throwable: Method UbarloginCase.verifyReviewCharges(java.util.Hashtable)[pri:16, instance:NostGroup.NostArtifact.TestCases.UbarloginCase@16aa0a0a] depends on not successfully finished methods
	at java.util.ArrayList.forEach(ArrayList.java:1249)
... Removed 18 stack frames</pre></div><a href='#' onClick='toggleBox("stack-trace1519243195", this, "Click to show all stack frames", "Click to hide stack frames")'>Click to show all stack frames</a>
<div class='stack-trace' id='stack-trace1519243195'><pre>java.lang.Throwable: Method UbarloginCase.verifyReviewCharges(java.util.Hashtable)[pri:16, instance:NostGroup.NostArtifact.TestCases.UbarloginCase@16aa0a0a] depends on not successfully finished methods
	at org.testng.internal.TestInvoker.invokeTestMethods(TestInvoker.java:101)
	at org.testng.internal.TestMethodWorker.invokeTestMethods(TestMethodWorker.java:146)
	at org.testng.internal.TestMethodWorker.run(TestMethodWorker.java:128)
	at java.util.ArrayList.forEach(ArrayList.java:1249)
	at org.testng.TestRunner.privateRun(TestRunner.java:766)
	at org.testng.TestRunner.run(TestRunner.java:587)
	at org.testng.SuiteRunner.runTest(SuiteRunner.java:384)
	at org.testng.SuiteRunner.runSequentially(SuiteRunner.java:378)
	at org.testng.SuiteRunner.privateRun(SuiteRunner.java:337)
	at org.testng.SuiteRunner.run(SuiteRunner.java:286)
	at org.testng.SuiteRunnerWorker.runSuite(SuiteRunnerWorker.java:53)
	at org.testng.SuiteRunnerWorker.run(SuiteRunnerWorker.java:96)
	at org.testng.TestNG.runSuitesSequentially(TestNG.java:1187)
	at org.testng.TestNG.runSuitesLocally(TestNG.java:1109)
	at org.testng.TestNG.runSuites(TestNG.java:1039)
	at org.testng.TestNG.run(TestNG.java:1007)
	at org.testng.remote.AbstractRemoteTestNG.run(AbstractRemoteTestNG.java:115)
	at org.testng.remote.RemoteTestNG.initAndRun(RemoteTestNG.java:251)
	at org.testng.remote.RemoteTestNG.main(RemoteTestNG.java:77)
</pre></div></td>
<td>0</td>
<td>NostGroup.NostArtifact.TestCases.UbarloginCase@16aa0a0a</td></tr>
<tr>
<td title='NostGroup.NostArtifact.TestCases.UbarloginCase.verifyServicedEntity()'><b>verifyServicedEntity</b><br>Test class: NostGroup.NostArtifact.TestCases.UbarloginCase</td>
<td><div><pre>java.lang.Throwable: Method UbarloginCase.verifyServicedEntity(java.util.Hashtable)[pri:15, instance:NostGroup.NostArtifact.TestCases.UbarloginCase@16aa0a0a] depends on not successfully finished methods
	at java.util.ArrayList.forEach(ArrayList.java:1249)
... Removed 18 stack frames</pre></div><a href='#' onClick='toggleBox("stack-trace1617646499", this, "Click to show all stack frames", "Click to hide stack frames")'>Click to show all stack frames</a>
<div class='stack-trace' id='stack-trace1617646499'><pre>java.lang.Throwable: Method UbarloginCase.verifyServicedEntity(java.util.Hashtable)[pri:15, instance:NostGroup.NostArtifact.TestCases.UbarloginCase@16aa0a0a] depends on not successfully finished methods
	at org.testng.internal.TestInvoker.invokeTestMethods(TestInvoker.java:101)
	at org.testng.internal.TestMethodWorker.invokeTestMethods(TestMethodWorker.java:146)
	at org.testng.internal.TestMethodWorker.run(TestMethodWorker.java:128)
	at java.util.ArrayList.forEach(ArrayList.java:1249)
	at org.testng.TestRunner.privateRun(TestRunner.java:766)
	at org.testng.TestRunner.run(TestRunner.java:587)
	at org.testng.SuiteRunner.runTest(SuiteRunner.java:384)
	at org.testng.SuiteRunner.runSequentially(SuiteRunner.java:378)
	at org.testng.SuiteRunner.privateRun(SuiteRunner.java:337)
	at org.testng.SuiteRunner.run(SuiteRunner.java:286)
	at org.testng.SuiteRunnerWorker.runSuite(SuiteRunnerWorker.java:53)
	at org.testng.SuiteRunnerWorker.run(SuiteRunnerWorker.java:96)
	at org.testng.TestNG.runSuitesSequentially(TestNG.java:1187)
	at org.testng.TestNG.runSuitesLocally(TestNG.java:1109)
	at org.testng.TestNG.runSuites(TestNG.java:1039)
	at org.testng.TestNG.run(TestNG.java:1007)
	at org.testng.remote.AbstractRemoteTestNG.run(AbstractRemoteTestNG.java:115)
	at org.testng.remote.RemoteTestNG.initAndRun(RemoteTestNG.java:251)
	at org.testng.remote.RemoteTestNG.main(RemoteTestNG.java:77)
</pre></div></td>
<td>0</td>
<td>NostGroup.NostArtifact.TestCases.UbarloginCase@16aa0a0a</td></tr>
</table><p>
</body>
</html>