<?xml version="1.0" encoding="UTF-8"?>
<!-- Generated by org.testng.reporters.JUnitXMLReporter -->
<testsuite hostname="CsekarAithent" ignored="0" name="IDS UBAR Integration" tests="18" failures="2" timestamp="2021-01-26T23:20:20 IST" time="277.614" errors="0">
  <testcase name="nostLogin" time="5.44" classname="NostGroup.NostArtifact.TestCases.UbarloginCase"/>
  <testcase name="addProtocol" time="25.215" classname="NostGroup.NostArtifact.TestCases.UbarloginCase"/>
  <testcase name="addPharmacy" time="15.679" classname="NostGroup.NostArtifact.TestCases.UbarloginCase"/>
  <testcase name="addSupplier" time="25.441" classname="NostGroup.NostArtifact.TestCases.UbarloginCase"/>
  <testcase name="addCatalog" time="28.971" classname="NostGroup.NostArtifact.TestCases.UbarloginCase"/>
  <testcase name="addPatient" time="31.159" classname="NostGroup.NostArtifact.TestCases.UbarloginCase"/>
  <testcase name="commonReceive" time="24.148" classname="NostGroup.NostArtifact.TestCases.UbarloginCase"/>
  <testcase name="submitqueueReceive" time="20.972" classname="NostGroup.NostArtifact.TestCases.UbarloginCase"/>
  <testcase name="commonTransferToPharmacy" time="47.128" classname="NostGroup.NostArtifact.TestCases.UbarloginCase"/>
  <testcase name="ubarLogin" time="12.19" classname="NostGroup.NostArtifact.TestCases.UbarloginCase"/>
  <testcase name="verifyServiceMaster" time="12.357" classname="NostGroup.NostArtifact.TestCases.UbarloginCase">
    <failure type="org.openqa.selenium.NoSuchElementException" message="Unable to locate element: #menu-primary-menu-1 &amp;gt; li:nth-child(5) &amp;gt; ul:nth-child(2) &amp;gt; li:nth-child(14) &amp;gt; a:nth-child(1)
For documentation on this error, please visit: https://www.seleniumhq.org/exceptions/no_such_element.html
Build info: version: &amp;apos;3.141.59&amp;apos;, revision: &amp;apos;e82be7d358&amp;apos;, time: &amp;apos;2018-11-14T08:17:03&amp;apos;
System info: host: &amp;apos;CSEKARAITHENT&amp;apos;, ip: &amp;apos;192.168.195.3&amp;apos;, os.name: &amp;apos;Windows 10&amp;apos;, os.arch: &amp;apos;amd64&amp;apos;, os.version: &amp;apos;10.0&amp;apos;, java.version: &amp;apos;1.8.0_112&amp;apos;
Driver info: org.openqa.selenium.firefox.FirefoxDriver
Capabilities {acceptInsecureCerts: true, browserName: firefox, browserVersion: 84.0.2, javascriptEnabled: true, moz:accessibilityChecks: false, moz:buildID: 20210105180113, moz:geckodriverVersion: 0.29.0, moz:headless: false, moz:processID: 1500, moz:profile: C:\Users\Administrator\AppD..., moz:shutdownTimeout: 60000, moz:useNonSpecCompliantPointerOrigin: false, moz:webdriverClick: true, pageLoadStrategy: normal, platform: WINDOWS, platformName: WINDOWS, platformVersion: 10.0, rotatable: false, setWindowRect: true, strictFileInteractability: false, timeouts: {implicit: 0, pageLoad: 300000, script: 30000}, unhandledPromptBehavior: dismiss and notify}
Session ID: 96335daa-4ada-4875-a5d6-b5a51719fa52
*** Element info: {Using=css selector, value=#menu-primary-menu-1 &amp;gt; li:nth-child(5) &amp;gt; ul:nth-child(2) &amp;gt; li:nth-child(14) &amp;gt; a:nth-child(1)}">
      <![CDATA[org.openqa.selenium.NoSuchElementException: Unable to locate element: #menu-primary-menu-1 > li:nth-child(5) > ul:nth-child(2) > li:nth-child(14) > a:nth-child(1)
For documentation on this error, please visit: https://www.seleniumhq.org/exceptions/no_such_element.html
Build info: version: '3.141.59', revision: 'e82be7d358', time: '2018-11-14T08:17:03'
System info: host: 'CSEKARAITHENT', ip: '192.168.195.3', os.name: 'Windows 10', os.arch: 'amd64', os.version: '10.0', java.version: '1.8.0_112'
Driver info: org.openqa.selenium.firefox.FirefoxDriver
Capabilities {acceptInsecureCerts: true, browserName: firefox, browserVersion: 84.0.2, javascriptEnabled: true, moz:accessibilityChecks: false, moz:buildID: 20210105180113, moz:geckodriverVersion: 0.29.0, moz:headless: false, moz:processID: 1500, moz:profile: C:\Users\Administrator\AppD..., moz:shutdownTimeout: 60000, moz:useNonSpecCompliantPointerOrigin: false, moz:webdriverClick: true, pageLoadStrategy: normal, platform: WINDOWS, platformName: WINDOWS, platformVersion: 10.0, rotatable: false, setWindowRect: true, strictFileInteractability: false, timeouts: {implicit: 0, pageLoad: 300000, script: 30000}, unhandledPromptBehavior: dismiss and notify}
Session ID: 96335daa-4ada-4875-a5d6-b5a51719fa52
*** Element info: {Using=css selector, value=#menu-primary-menu-1 > li:nth-child(5) > ul:nth-child(2) > li:nth-child(14) > a:nth-child(1)}
at org.openqa.selenium.remote.http.W3CHttpResponseCodec.createException(W3CHttpResponseCodec.java:187)
at org.openqa.selenium.remote.http.W3CHttpResponseCodec.decode(W3CHttpResponseCodec.java:122)
at org.openqa.selenium.remote.http.W3CHttpResponseCodec.decode(W3CHttpResponseCodec.java:49)
at org.openqa.selenium.remote.HttpCommandExecutor.execute(HttpCommandExecutor.java:158)
at org.openqa.selenium.remote.service.DriverCommandExecutor.execute(DriverCommandExecutor.java:83)
at org.openqa.selenium.remote.RemoteWebDriver.execute(RemoteWebDriver.java:552)
at org.openqa.selenium.remote.RemoteWebDriver.findElement(RemoteWebDriver.java:323)
at org.openqa.selenium.remote.RemoteWebDriver.findElementByCssSelector(RemoteWebDriver.java:420)
at org.openqa.selenium.By$ByCssSelector.findElement(By.java:431)
at org.openqa.selenium.remote.RemoteWebDriver.findElement(RemoteWebDriver.java:315)
at NostGroup.NostArtifact.Base.CommonMethods.find_element(CommonMethods.java:221)
at NostGroup.NostArtifact.Base.CommonMethods.click(CommonMethods.java:80)
at NostGroup.NostArtifact.Billing.ServiceMaster.serviceMasterVerification(ServiceMaster.java:29)
at NostGroup.NostArtifact.TestCases.UbarloginCase.verifyServiceMaster(UbarloginCase.java:109)
at java.util.ArrayList.forEach(ArrayList.java:1249)
... Removed 31 stack frames]]>
    </failure>
  </testcase> <!-- verifyServiceMaster -->
  <testcase name="verifyFacility" time="14.829" classname="NostGroup.NostArtifact.TestCases.UbarloginCase">
    <failure type="org.openqa.selenium.NoSuchElementException" message="Unable to locate element: #sFacName
For documentation on this error, please visit: https://www.seleniumhq.org/exceptions/no_such_element.html
Build info: version: &amp;apos;3.141.59&amp;apos;, revision: &amp;apos;e82be7d358&amp;apos;, time: &amp;apos;2018-11-14T08:17:03&amp;apos;
System info: host: &amp;apos;CSEKARAITHENT&amp;apos;, ip: &amp;apos;192.168.195.3&amp;apos;, os.name: &amp;apos;Windows 10&amp;apos;, os.arch: &amp;apos;amd64&amp;apos;, os.version: &amp;apos;10.0&amp;apos;, java.version: &amp;apos;1.8.0_112&amp;apos;
Driver info: org.openqa.selenium.firefox.FirefoxDriver
Capabilities {acceptInsecureCerts: true, browserName: firefox, browserVersion: 84.0.2, javascriptEnabled: true, moz:accessibilityChecks: false, moz:buildID: 20210105180113, moz:geckodriverVersion: 0.29.0, moz:headless: false, moz:processID: 1500, moz:profile: C:\Users\Administrator\AppD..., moz:shutdownTimeout: 60000, moz:useNonSpecCompliantPointerOrigin: false, moz:webdriverClick: true, pageLoadStrategy: normal, platform: WINDOWS, platformName: WINDOWS, platformVersion: 10.0, rotatable: false, setWindowRect: true, strictFileInteractability: false, timeouts: {implicit: 0, pageLoad: 300000, script: 30000}, unhandledPromptBehavior: dismiss and notify}
Session ID: 96335daa-4ada-4875-a5d6-b5a51719fa52
*** Element info: {Using=id, value=sFacName}">
      <![CDATA[org.openqa.selenium.NoSuchElementException: Unable to locate element: #sFacName
For documentation on this error, please visit: https://www.seleniumhq.org/exceptions/no_such_element.html
Build info: version: '3.141.59', revision: 'e82be7d358', time: '2018-11-14T08:17:03'
System info: host: 'CSEKARAITHENT', ip: '192.168.195.3', os.name: 'Windows 10', os.arch: 'amd64', os.version: '10.0', java.version: '1.8.0_112'
Driver info: org.openqa.selenium.firefox.FirefoxDriver
Capabilities {acceptInsecureCerts: true, browserName: firefox, browserVersion: 84.0.2, javascriptEnabled: true, moz:accessibilityChecks: false, moz:buildID: 20210105180113, moz:geckodriverVersion: 0.29.0, moz:headless: false, moz:processID: 1500, moz:profile: C:\Users\Administrator\AppD..., moz:shutdownTimeout: 60000, moz:useNonSpecCompliantPointerOrigin: false, moz:webdriverClick: true, pageLoadStrategy: normal, platform: WINDOWS, platformName: WINDOWS, platformVersion: 10.0, rotatable: false, setWindowRect: true, strictFileInteractability: false, timeouts: {implicit: 0, pageLoad: 300000, script: 30000}, unhandledPromptBehavior: dismiss and notify}
Session ID: 96335daa-4ada-4875-a5d6-b5a51719fa52
*** Element info: {Using=id, value=sFacName}
at org.openqa.selenium.remote.http.W3CHttpResponseCodec.createException(W3CHttpResponseCodec.java:187)
at org.openqa.selenium.remote.http.W3CHttpResponseCodec.decode(W3CHttpResponseCodec.java:122)
at org.openqa.selenium.remote.http.W3CHttpResponseCodec.decode(W3CHttpResponseCodec.java:49)
at org.openqa.selenium.remote.HttpCommandExecutor.execute(HttpCommandExecutor.java:158)
at org.openqa.selenium.remote.service.DriverCommandExecutor.execute(DriverCommandExecutor.java:83)
at org.openqa.selenium.remote.RemoteWebDriver.execute(RemoteWebDriver.java:552)
at org.openqa.selenium.remote.RemoteWebDriver.findElement(RemoteWebDriver.java:323)
at org.openqa.selenium.remote.RemoteWebDriver.findElementById(RemoteWebDriver.java:372)
at org.openqa.selenium.By$ById.findElement(By.java:188)
at org.openqa.selenium.remote.RemoteWebDriver.findElement(RemoteWebDriver.java:315)
at NostGroup.NostArtifact.Base.CommonMethods.find_element(CommonMethods.java:206)
at NostGroup.NostArtifact.Base.CommonMethods.type(CommonMethods.java:91)
at NostGroup.NostArtifact.Billing.Facility.facilityVerify(Facility.java:19)
at NostGroup.NostArtifact.TestCases.UbarloginCase.verifyFacility(UbarloginCase.java:117)
at java.util.ArrayList.forEach(ArrayList.java:1249)
... Removed 31 stack frames]]>
    </failure>
  </testcase> <!-- verifyFacility -->
  <testcase name="verifyCPP" time="0.001" classname="NostGroup.NostArtifact.TestCases.UbarloginCase">
    <skipped/>
  </testcase> <!-- verifyCPP -->
  <testcase name="nostLogin2" time="0.0" classname="NostGroup.NostArtifact.TestCases.UbarloginCase">
    <skipped/>
  </testcase> <!-- nostLogin2 -->
  <testcase name="addDispense" time="0.0" classname="NostGroup.NostArtifact.TestCases.UbarloginCase">
    <skipped/>
  </testcase> <!-- addDispense -->
  <testcase name="ubarLogin2" time="0.0" classname="NostGroup.NostArtifact.TestCases.UbarloginCase">
    <skipped/>
  </testcase> <!-- ubarLogin2 -->
  <testcase name="verifyServicedEntity" time="0.0" classname="NostGroup.NostArtifact.TestCases.UbarloginCase">
    <skipped/>
  </testcase> <!-- verifyServicedEntity -->
  <testcase name="verifyReviewCharges" time="0.0" classname="NostGroup.NostArtifact.TestCases.UbarloginCase">
    <skipped/>
  </testcase> <!-- verifyReviewCharges -->
</testsuite> <!-- IDS UBAR Integration -->
