<html>
<head>
<title>TestNG:  UBAR-Login Test</title>
<link href="../testng.css" rel="stylesheet" type="text/css" />
<link href="../my-testng.css" rel="stylesheet" type="text/css" />

<style type="text/css">
.log { display: none;} 
.stack-trace { display: none;} 
</style>
<script type="text/javascript">
<!--
function flip(e) {
  current = e.style.display;
  if (current == 'block') {
    e.style.display = 'none';
    return 0;
  }
  else {
    e.style.display = 'block';
    return 1;
  }
}

function toggleBox(szDivId, elem, msg1, msg2)
{
  var res = -1;  if (document.getElementById) {
    res = flip(document.getElementById(szDivId));
  }
  else if (document.all) {
    // this is the way old msie versions work
    res = flip(document.all[szDivId]);
  }
  if(elem) {
    if(res == 0) elem.innerHTML = msg1; else elem.innerHTML = msg2;
  }

}

function toggleAllBoxes() {
  if (document.getElementsByTagName) {
    d = document.getElementsByTagName('div');
    for (i = 0; i < d.length; i++) {
      if (d[i].className == 'log') {
        flip(d[i]);
      }
    }
  }
}

// -->
</script>

</head>
<body>
<h2 align='center'>UBAR-Login Test</h2><table border='1' align="center">
<tr>
<td>Tests passed/Failed/Skipped:</td><td>1/1/0</td>
</tr><tr>
<td>Started on:</td><td>Wed Jul 01 08:20:29 IST 2020</td>
</tr>
<tr><td>Total time:</td><td>47 seconds (47996 ms)</td>
</tr><tr>
<td>Included groups:</td><td></td>
</tr><tr>
<td>Excluded groups:</td><td></td>
</tr>
</table><p/>
<small><i>(Hover the method name to see the test class name)</i></small><p/>
<table width='100%' border='1' class='invocation-failed'>
<tr><td colspan='4' align='center'><b>FAILED TESTS</b></td></tr>
<tr><td><b>Test method</b></td>
<td width="30%"><b>Exception</b></td>
<td width="10%"><b>Time (seconds)</b></td>
<td><b>Instance</b></td>
</tr>
<tr>
<td title='NostGroup.NostArtifact.TestCases.UbarTest.verifyCPP()'><b>verifyCPP</b><br>Test class: NostGroup.NostArtifact.TestCases.UbarTest<br>Parameters: {cpp-cdm-price-eff-to=07302020, cpp-cdm-plan-search=, cpp-cdm-service-name=30-JUN-3-20-Drg, cpp-payer-email=test@ncoup.com, cpp-cdm-service-price=230.0, cpp-cdm-service-results-search-bar=, cpp-cdm-service-frequency=, cpp-cdm-service-frequency-interval=, cpp-cdm-charge-basis=, cpp-attach-payer-search=Class, cpp-account-name=12345Name, cpp-same-payerid=, cpp-account-no=Class88765, cpp-payer-level=Primary, cpp-plan-search=30-JUN-3-, cpp-type-code=Study Team, cpp-cdm-price-eff-from=06302020, cpp-payer-id=, cpp-cdm-payer-search=, cpp-cdm-pharmacy=}<br/>
<a href="#Output-1472012329" onClick='toggleBox("Output-1472012329", this, "Show output", "Hide output");'>Show output</a>

<a href="#Output-1472012329" onClick="toggleAllBoxes();">Show all outputs</a>
<div class='log' id="Output-1472012329">
Clicked the item: maintenance-billing-menu<br/>
Clicked the item: cpp-menu<br/>
Entered the value '30-JUN-3-' in field 'cpp-plan-search'<br/>
Clicked the item: cpp-search<br/>
Plan '30-JUN-3-' integrated to CPP successfully<br/>
Clicked the item: cpp-payer-search-icon<br/>
Entered the value 'Class' in field 'cpp-attach-payer-search'<br/>
Clicked the item: cpp-add-new-payer-search<br/>
Payer 'Class' not found in the Payer List<br/>
Clicked the item: cpp-add-new-payer<br/>
Entered the value 'Class' in field 'cpp-payer-id'<br/>
Entered the value 'Class88765' in field 'cpp-account-no'<br/>
Entered the value '12345Name' in field 'cpp-account-name'<br/>
Selected the value 'Study Team in field 'cpp-type-code'<br/>
Entered the value 'test@ncoup.com' in field 'cpp-payer-email'<br/>
Clicked the item: cpp-save-payer<br/>
Payer 'Class' added successfully<br/>
<br>verifyCPP: Failed<br/>
<br><br/>
<a target="_blank" href="D:\Jagan\NostAuto\NostCore\NostArtifact\Screenshots\Screenshot_Wed_Jul_01_08_21_16_IST_2020.jpg">ScreenShot</a><br/>
<br><br/>
</div>
</td>
<td><div><pre>org.openqa.selenium.ElementClickInterceptedException: Element &lt;button class=&quot;btn btn-success  showAttachCppServices&quot; type=&quot;button&quot;&gt; is not clickable at point (1397,465) because another element &lt;div id=&quot;attachNewPayer&quot; class=&quot;modal fade in&quot;&gt; obscures it
Build info: version: &apos;3.141.59&apos;, revision: &apos;e82be7d358&apos;, time: &apos;2018-11-14T08:17:03&apos;
System info: host: &apos;CSEKARAITHENT&apos;, ip: &apos;192.168.195.8&apos;, os.name: &apos;Windows 10&apos;, os.arch: &apos;amd64&apos;, os.version: &apos;10.0&apos;, java.version: &apos;1.8.0_112&apos;
Driver info: org.openqa.selenium.firefox.FirefoxDriver
Capabilities {acceptInsecureCerts: true, browserName: firefox, browserVersion: 77.0.1, javascriptEnabled: true, moz:accessibilityChecks: false, moz:buildID: 20200602222727, moz:geckodriverVersion: 0.26.0, moz:headless: false, moz:processID: 43444, moz:profile: C:\Users\Administrator\AppD..., moz:shutdownTimeout: 60000, moz:useNonSpecCompliantPointerOrigin: false, moz:webdriverClick: true, pageLoadStrategy: normal, platform: WINDOWS, platformName: WINDOWS, platformVersion: 10.0, rotatable: false, setWindowRect: true, strictFileInteractability: false, timeouts: {implicit: 0, pageLoad: 300000, script: 30000}, unhandledPromptBehavior: dismiss and notify}
Session ID: 65e3ac21-3bb4-4b67-a563-9c3861c952d7
	at org.openqa.selenium.remote.http.W3CHttpResponseCodec.createException(W3CHttpResponseCodec.java:187)
	at org.openqa.selenium.remote.http.W3CHttpResponseCodec.decode(W3CHttpResponseCodec.java:122)
	at org.openqa.selenium.remote.http.W3CHttpResponseCodec.decode(W3CHttpResponseCodec.java:49)
	at org.openqa.selenium.remote.HttpCommandExecutor.execute(HttpCommandExecutor.java:158)
	at org.openqa.selenium.remote.service.DriverCommandExecutor.execute(DriverCommandExecutor.java:83)
	at org.openqa.selenium.remote.RemoteWebDriver.execute(RemoteWebDriver.java:552)
	at org.openqa.selenium.remote.RemoteWebElement.execute(RemoteWebElement.java:285)
	at org.openqa.selenium.remote.RemoteWebElement.click(RemoteWebElement.java:84)
	at NostGroup.NostArtifact.Billing.CPP.cppAdd(CPP.java:390)
	at NostGroup.NostArtifact.TestCases.UbarTest.verifyCPP(UbarTest.java:37)
	at java.util.ArrayList.forEach(ArrayList.java:1249)
... Removed 31 stack frames</pre></div><a href='#' onClick='toggleBox("stack-trace1472012329", this, "Click to show all stack frames", "Click to hide stack frames")'>Click to show all stack frames</a>
<div class='stack-trace' id='stack-trace1472012329'><pre>org.openqa.selenium.ElementClickInterceptedException: Element &lt;button class=&quot;btn btn-success  showAttachCppServices&quot; type=&quot;button&quot;&gt; is not clickable at point (1397,465) because another element &lt;div id=&quot;attachNewPayer&quot; class=&quot;modal fade in&quot;&gt; obscures it
Build info: version: &apos;3.141.59&apos;, revision: &apos;e82be7d358&apos;, time: &apos;2018-11-14T08:17:03&apos;
System info: host: &apos;CSEKARAITHENT&apos;, ip: &apos;192.168.195.8&apos;, os.name: &apos;Windows 10&apos;, os.arch: &apos;amd64&apos;, os.version: &apos;10.0&apos;, java.version: &apos;1.8.0_112&apos;
Driver info: org.openqa.selenium.firefox.FirefoxDriver
Capabilities {acceptInsecureCerts: true, browserName: firefox, browserVersion: 77.0.1, javascriptEnabled: true, moz:accessibilityChecks: false, moz:buildID: 20200602222727, moz:geckodriverVersion: 0.26.0, moz:headless: false, moz:processID: 43444, moz:profile: C:\Users\Administrator\AppD..., moz:shutdownTimeout: 60000, moz:useNonSpecCompliantPointerOrigin: false, moz:webdriverClick: true, pageLoadStrategy: normal, platform: WINDOWS, platformName: WINDOWS, platformVersion: 10.0, rotatable: false, setWindowRect: true, strictFileInteractability: false, timeouts: {implicit: 0, pageLoad: 300000, script: 30000}, unhandledPromptBehavior: dismiss and notify}
Session ID: 65e3ac21-3bb4-4b67-a563-9c3861c952d7
	at sun.reflect.NativeConstructorAccessorImpl.newInstance0(Native Method)
	at sun.reflect.NativeConstructorAccessorImpl.newInstance(NativeConstructorAccessorImpl.java:62)
	at sun.reflect.DelegatingConstructorAccessorImpl.newInstance(DelegatingConstructorAccessorImpl.java:45)
	at java.lang.reflect.Constructor.newInstance(Constructor.java:423)
	at org.openqa.selenium.remote.http.W3CHttpResponseCodec.createException(W3CHttpResponseCodec.java:187)
	at org.openqa.selenium.remote.http.W3CHttpResponseCodec.decode(W3CHttpResponseCodec.java:122)
	at org.openqa.selenium.remote.http.W3CHttpResponseCodec.decode(W3CHttpResponseCodec.java:49)
	at org.openqa.selenium.remote.HttpCommandExecutor.execute(HttpCommandExecutor.java:158)
	at org.openqa.selenium.remote.service.DriverCommandExecutor.execute(DriverCommandExecutor.java:83)
	at org.openqa.selenium.remote.RemoteWebDriver.execute(RemoteWebDriver.java:552)
	at org.openqa.selenium.remote.RemoteWebElement.execute(RemoteWebElement.java:285)
	at org.openqa.selenium.remote.RemoteWebElement.click(RemoteWebElement.java:84)
	at NostGroup.NostArtifact.Billing.CPP.cppAdd(CPP.java:390)
	at NostGroup.NostArtifact.TestCases.UbarTest.verifyCPP(UbarTest.java:37)
	at sun.reflect.NativeMethodAccessorImpl.invoke0(Native Method)
	at sun.reflect.NativeMethodAccessorImpl.invoke(NativeMethodAccessorImpl.java:62)
	at sun.reflect.DelegatingMethodAccessorImpl.invoke(DelegatingMethodAccessorImpl.java:43)
	at java.lang.reflect.Method.invoke(Method.java:498)
	at org.testng.internal.MethodInvocationHelper.invokeMethod(MethodInvocationHelper.java:134)
	at org.testng.internal.TestInvoker.invokeMethod(TestInvoker.java:597)
	at org.testng.internal.TestInvoker.invokeTestMethod(TestInvoker.java:173)
	at org.testng.internal.MethodRunner.runInSequence(MethodRunner.java:46)
	at org.testng.internal.TestInvoker$MethodInvocationAgent.invoke(TestInvoker.java:816)
	at org.testng.internal.TestInvoker.invokeTestMethods(TestInvoker.java:146)
	at org.testng.internal.TestMethodWorker.invokeTestMethods(TestMethodWorker.java:146)
	at org.testng.internal.TestMethodWorker.run(TestMethodWorker.java:128)
	at java.util.ArrayList.forEach(ArrayList.java:1249)
	at org.testng.TestRunner.privateRun(TestRunner.java:766)
	at org.testng.TestRunner.run(TestRunner.java:587)
	at org.testng.SuiteRunner.runTest(SuiteRunner.java:384)
	at org.testng.SuiteRunner.runSequentially(SuiteRunner.java:378)
	at org.testng.SuiteRunner.privateRun(SuiteRunner.java:337)
	at org.testng.SuiteRunner.run(SuiteRunner.java:286)
	at org.testng.SuiteRunnerWorker.runSuite(SuiteRunnerWorker.java:53)
	at org.testng.SuiteRunnerWorker.run(SuiteRunnerWorker.java:96)
	at org.testng.TestNG.runSuitesSequentially(TestNG.java:1187)
	at org.testng.TestNG.runSuitesLocally(TestNG.java:1109)
	at org.testng.TestNG.runSuites(TestNG.java:1039)
	at org.testng.TestNG.run(TestNG.java:1007)
	at org.testng.remote.AbstractRemoteTestNG.run(AbstractRemoteTestNG.java:115)
	at org.testng.remote.RemoteTestNG.initAndRun(RemoteTestNG.java:251)
	at org.testng.remote.RemoteTestNG.main(RemoteTestNG.java:77)
</pre></div></td>
<td>30</td>
<td>NostGroup.NostArtifact.TestCases.UbarTest@3c87521</td></tr>
</table><p>
<table width='100%' border='1' class='invocation-passed'>
<tr><td colspan='4' align='center'><b>PASSED TESTS</b></td></tr>
<tr><td><b>Test method</b></td>
<td width="30%"><b>Exception</b></td>
<td width="10%"><b>Time (seconds)</b></td>
<td><b>Instance</b></td>
</tr>
<tr>
<td title='NostGroup.NostArtifact.TestCases.UbarTest.ubarLogin()'><b>ubarLogin</b><br>Test class: NostGroup.NostArtifact.TestCases.UbarTest<br>Parameters: {PassWord=Velos321, rundata=Y, UserName=admin, e-Signature=a1234}<br/>
<a href="#Output-707506411" onClick='toggleBox("Output-707506411", this, "Show output", "Hide output");'>Show output</a>

<a href="#Output-707506411" onClick="toggleAllBoxes();">Show all outputs</a>
<div class='log' id="Output-707506411">
Login Billing starts....<br/>
Entered the value 'admin' in field 'username-billing'<br/>
Entered the value 'Velos321' in field 'password-billing'<br/>
Clicked the item: login-button-billing<br/>
</div>
</td>
<td></td>
<td>7</td>
<td>NostGroup.NostArtifact.TestCases.UbarTest@3c87521</td></tr>
</table><p>
</body>
</html>