<?xml version="1.0" encoding="UTF-8"?>
<testsuite name="dispense Creation"
           tests="10"
           failures="1"
           errors="0"
           skipped="0"
           time="223.061">
  <properties />
            <testcase name="addDispense" time="38.611" classname="NostGroup.NostArtifact.TestCases.IDSFlow_M_R_PR">
                <failure type="org.openqa.selenium.NoSuchElementException"
                  message="Unable to locate element: //table[@id=&apos;unittab&apos;]/tbody/tr[2]/td[1]
For documentation on this error, please visit: https://www.seleniumhq.org/exceptions/no_such_element.html
Build info: version: &apos;3.141.59&apos;, revision: &apos;e82be7d358&apos;, time: &apos;2018-11-14T08:17:03&apos;
System info: host: &apos;CSEKARAITHENT&apos;, ip: &apos;192.168.195.4&apos;, os.name: &apos;Windows 10&apos;, os.arch: &apos;amd64&apos;, os.version: &apos;10.0&apos;, java.version: &apos;1.8.0_112&apos;
Driver info: org.openqa.selenium.firefox.FirefoxDriver
Capabilities {acceptInsecureCerts: true, browserName: firefox, browserVersion: 78.0.1, javascriptEnabled: true, moz:accessibilityChecks: false, moz:buildID: 20200630195452, moz:geckodriverVersion: 0.26.0, moz:headless: false, moz:processID: 26332, moz:profile: C:\Users\Administrator\AppD..., moz:shutdownTimeout: 60000, moz:useNonSpecCompliantPointerOrigin: false, moz:webdriverClick: true, pageLoadStrategy: normal, platform: WINDOWS, platformName: WINDOWS, platformVersion: 10.0, rotatable: false, setWindowRect: true, strictFileInteractability: false, timeouts: {implicit: 0, pageLoad: 300000, script: 30000}, unhandledPromptBehavior: dismiss and notify}
Session ID: 687e0fcb-48e9-47f2-baf7-301e4e54ad31
*** Element info: {Using=xpath, value=//table[@id=&apos;unittab&apos;]/tbody/tr[2]/td[1]}"
              >
<![CDATA[org.openqa.selenium.NoSuchElementException: Unable to locate element: //table[@id='unittab']/tbody/tr[2]/td[1]
For documentation on this error, please visit: https://www.seleniumhq.org/exceptions/no_such_element.html
Build info: version: '3.141.59', revision: 'e82be7d358', time: '2018-11-14T08:17:03'
System info: host: 'CSEKARAITHENT', ip: '192.168.195.4', os.name: 'Windows 10', os.arch: 'amd64', os.version: '10.0', java.version: '1.8.0_112'
Driver info: org.openqa.selenium.firefox.FirefoxDriver
Capabilities {acceptInsecureCerts: true, browserName: firefox, browserVersion: 78.0.1, javascriptEnabled: true, moz:accessibilityChecks: false, moz:buildID: 20200630195452, moz:geckodriverVersion: 0.26.0, moz:headless: false, moz:processID: 26332, moz:profile: C:\Users\Administrator\AppD..., moz:shutdownTimeout: 60000, moz:useNonSpecCompliantPointerOrigin: false, moz:webdriverClick: true, pageLoadStrategy: normal, platform: WINDOWS, platformName: WINDOWS, platformVersion: 10.0, rotatable: false, setWindowRect: true, strictFileInteractability: false, timeouts: {implicit: 0, pageLoad: 300000, script: 30000}, unhandledPromptBehavior: dismiss and notify}
Session ID: 687e0fcb-48e9-47f2-baf7-301e4e54ad31
*** Element info: {Using=xpath, value=//table[@id='unittab']/tbody/tr[2]/td[1]}
  sun.reflect.NativeConstructorAccessorImpl.newInstance0(Native Method)
  sun.reflect.NativeConstructorAccessorImpl.newInstance(NativeConstructorAccessorImpl.java:62)
  sun.reflect.DelegatingConstructorAccessorImpl.newInstance(DelegatingConstructorAccessorImpl.java:45)
  java.lang.reflect.Constructor.newInstance(Constructor.java:423)
  org.openqa.selenium.remote.http.W3CHttpResponseCodec.createException(W3CHttpResponseCodec.java:187)
  org.openqa.selenium.remote.http.W3CHttpResponseCodec.decode(W3CHttpResponseCodec.java:122)
  org.openqa.selenium.remote.http.W3CHttpResponseCodec.decode(W3CHttpResponseCodec.java:49)
  org.openqa.selenium.remote.HttpCommandExecutor.execute(HttpCommandExecutor.java:158)
  org.openqa.selenium.remote.service.DriverCommandExecutor.execute(DriverCommandExecutor.java:83)
  org.openqa.selenium.remote.RemoteWebDriver.execute(RemoteWebDriver.java:552)
  org.openqa.selenium.remote.RemoteWebDriver.findElement(RemoteWebDriver.java:323)
  org.openqa.selenium.remote.RemoteWebDriver.findElementByXPath(RemoteWebDriver.java:428)
  org.openqa.selenium.By$ByXPath.findElement(By.java:353)
  org.openqa.selenium.remote.RemoteWebDriver.findElement(RemoteWebDriver.java:315)
  NostGroup.NostArtifact.Dispense.Dispense.dispPatientSearch(Dispense.java:119)
  NostGroup.NostArtifact.TestCases.IDSFlow_M_R_PR.addDispense(IDSFlow_M_R_PR.java:93)
  sun.reflect.NativeMethodAccessorImpl.invoke0(Native Method)
  sun.reflect.NativeMethodAccessorImpl.invoke(NativeMethodAccessorImpl.java:62)
  sun.reflect.DelegatingMethodAccessorImpl.invoke(DelegatingMethodAccessorImpl.java:43)
  java.lang.reflect.Method.invoke(Method.java:498)
  org.testng.internal.MethodInvocationHelper.invokeMethod(MethodInvocationHelper.java:134)
  org.testng.internal.TestInvoker.invokeMethod(TestInvoker.java:597)
  org.testng.internal.TestInvoker.invokeTestMethod(TestInvoker.java:173)
  org.testng.internal.MethodRunner.runInSequence(MethodRunner.java:46)
  org.testng.internal.TestInvoker$MethodInvocationAgent.invoke(TestInvoker.java:816)
  org.testng.internal.TestInvoker.invokeTestMethods(TestInvoker.java:146)
  org.testng.internal.TestMethodWorker.invokeTestMethods(TestMethodWorker.java:146)
  org.testng.internal.TestMethodWorker.run(TestMethodWorker.java:128)
  java.util.ArrayList.forEach(ArrayList.java:1249)
  org.testng.TestRunner.privateRun(TestRunner.java:766)
  org.testng.TestRunner.run(TestRunner.java:587)
  org.testng.SuiteRunner.runTest(SuiteRunner.java:384)
  org.testng.SuiteRunner.runSequentially(SuiteRunner.java:378)
  org.testng.SuiteRunner.privateRun(SuiteRunner.java:337)
  org.testng.SuiteRunner.run(SuiteRunner.java:286)
  org.testng.SuiteRunnerWorker.runSuite(SuiteRunnerWorker.java:53)
  org.testng.SuiteRunnerWorker.run(SuiteRunnerWorker.java:96)
  org.testng.TestNG.runSuitesSequentially(TestNG.java:1187)
  org.testng.TestNG.runSuitesLocally(TestNG.java:1109)
  org.testng.TestNG.runSuites(TestNG.java:1039)
  org.testng.TestNG.run(TestNG.java:1007)
  org.testng.remote.AbstractRemoteTestNG.run(AbstractRemoteTestNG.java:115)
  org.testng.remote.RemoteTestNG.initAndRun(RemoteTestNG.java:251)
  org.testng.remote.RemoteTestNG.main(RemoteTestNG.java:77)
]]>
      </failure>

          </testcase>
  
  
            <testcase name="addPharmacy" time="13.718" classname="NostGroup.NostArtifact.TestCases.IDSFlow_M_R_PR" />
                <testcase name="addProtocol" time="22.430" classname="NostGroup.NostArtifact.TestCases.IDSFlow_M_R_PR" />
                <testcase name="addCatalog" time="18.258" classname="NostGroup.NostArtifact.TestCases.IDSFlow_M_R_PR" />
                <testcase name="nostLogin" time="5.060" classname="NostGroup.NostArtifact.TestCases.IDSFlow_M_R_PR" />
                <testcase name="addPatient" time="23.296" classname="NostGroup.NostArtifact.TestCases.IDSFlow_M_R_PR" />
                <testcase name="addSupplier" time="21.061" classname="NostGroup.NostArtifact.TestCases.IDSFlow_M_R_PR" />
                <testcase name="commonTransferToPharmacy" time="40.664" classname="NostGroup.NostArtifact.TestCases.IDSFlow_M_R_PR" />
                <testcase name="submitqueueReceive" time="15.601" classname="NostGroup.NostArtifact.TestCases.IDSFlow_M_R_PR" />
                <testcase name="commonReceive" time="24.362" classname="NostGroup.NostArtifact.TestCases.IDSFlow_M_R_PR" />
      
</testsuite>
